Performing WEEKLY calculation for 23070100 to 23070700
Now on.. MM5_g2   SFCTC_KF
Now on.. MM5_g3   SFCTC_KF
Now on.. MM5_g4   SFCTC_KF
Now on.. MM5G_g2   SFCTC_KF
Now on.. MM5G_g3   SFCTC_KF
Now on.. MM5G_g4   SFCTC_KF
Now on.. MM5G_g5   SFCTC_KF
Now on.. WRF3GEM_g2   SFCTC_KF
Now on.. WRF3GEM_g3   SFCTC_KF
Now on.. WRF3GEM_g4   SFCTC_KF
Now on.. WRF3NAM_g2   SFCTC_KF
Now on.. WRF3NAM_g3   SFCTC_KF
Now on.. WRF3NAM_g4   SFCTC_KF
Now on.. WRF3GFS_g2   SFCTC_KF
Now on.. WRF3GFS_g3   SFCTC_KF
Now on.. WRF3GFS_g4   SFCTC_KF
Now on.. WRF3GFS_g5   SFCTC_KF
Now on.. WRF3NAVGEM_g2   SFCTC_KF
Now on.. WRF3NAVGEM_g3   SFCTC_KF
Now on.. WRF3NAVGEM_g4   SFCTC_KF
Now on.. WRF3GFSgc01_g2   SFCTC_KF
Now on.. WRF3GFSgc01_g3   SFCTC_KF
Now on.. WRF3ARPEGE_g2   SFCTC_KF
Now on.. WRF3ARPEGE_g3   SFCTC_KF
Now on.. WRF4ICON_g2   SFCTC_KF
Now on.. WRF4ICON_g3   SFCTC_KF
Now on.. WRF4NAM_g2   SFCTC_KF
Now on.. WRF4NAM_g3   SFCTC_KF
Now on.. WRF4NAM_g4   SFCTC_KF
Now on.. NMM3NAM_g2   SFCTC_KF
Now on.. NMM3NAM_g3   SFCTC_KF
Now on.. NMM3NAM_g4   SFCTC_KF
Now on.. NMM3GFS_g2   SFCTC_KF
Now on.. NMM3GFS_g3   SFCTC_KF
Now on.. WRF2NAM_g1   SFCTC_KF
Now on.. WRF2NAM_g2   SFCTC_KF
Now on.. WRF2NAM_g3   SFCTC_KF
Now on.. WRF2NAM81_g1   SFCTC_KF
Now on.. WRF2NAM81_g2   SFCTC_KF
Now on.. WRF2NAM81_g3   SFCTC_KF
Now on.. WRF2GFS_g1   SFCTC_KF
Now on.. WRF2GFS_g2   SFCTC_KF
Now on.. WRF2GFS_g3   SFCTC_KF
Now on.. WRF2GFS81_g1   SFCTC_KF
Now on.. WRF2GFS81_g2   SFCTC_KF
Now on.. WRF2GFS81_g3   SFCTC_KF
Now on.. WRF4RDPS_g3   SFCTC_KF
Now on.. WRF4RDPS_g4   SFCTC_KF
Now on.. WRF4RDPS_g5   SFCTC_KF
Now on.. MPAS25_g1   SFCTC_KF
Now on.. MPAS25_g2   SFCTC_KF
Now on.. ENS   SFCTC_KF
Now on.. ENS_lr   SFCTC_KF
Now on.. ENS_hr   SFCTC_KF
Now on.. ENS_LR   SFCTC_KF
SFCTC_KF
[0.967, 0.983, 1.048, 0.972, 0.883, 0.958, 0.948, 0.797, 2.91, 4.953, 0.863, 0.872, 0.925, 0.843, 3.022, 5.07, 5.615, 0.737, 0.842, 0.86, 0.815, 3.0, 0.828, 0.862, 0.743, 2.853, 0.875, 0.88, 0.865, 0.793, 0.982, 1.017, 0.84, 1.002, 0.89, 0.907, 1.478, 0.932, 0.962, 1.053, 0.877, 0.88, 1.075, 0.885, 0.895, 1.06, 0.885, 2.847, 4.687, 0.79, 0.8, 0.815, 0.812, 0.862, 0.782]
['MM5NAM36^', 'MM5NAM12^', 'MM5NAM4^', 'MM5GFS36^', 'MM5GFS12^', 'MM5GFS4^', 'MM5GFS1.3^', 'WRF3GEM36^', 'WRF3GEM12^', 'WRF3GEM4^', 'WRF3NAM36^', 'WRF3NAM12^', 'WRF3NAM4^', 'WRF3GFS36^', 'WRF3GFS12^', 'WRF3GFS4^', 'WRF3GFS1.3^', 'WRF3NAVGEM36^', 'WRF3NAVGEM12^', 'WRF3NAVGEM4^', 'WRF3GFSgc27^', 'WRF3GFSgc9^', 'WRF3ARPEGE27^', 'WRF3ARPEGE9^', 'WRF4ICON27^', 'WRF4ICON9^', 'WRF4NAM36^', 'WRF4NAM12^', 'WRF4NAM4^', 'NMM3NAM36^', 'NMM3NAM12^', 'NMM3NAM4^', 'NMM3GFS36^', 'NMM3GFS12^', 'WRF2NAM108^', 'WRF2NAM36^', 'WRF2NAM12^', 'WRF2NAM81^', 'WRF2NAM27^', 'WRF2NAM9^', 'WRF2GFS108^', 'WRF2GFS36^', 'WRF2GFS12^', 'WRF2GFS81^', 'WRF2GFS27^', 'WRF2GFS9^', 'WRF4RDPS9^', 'WRF4RDPS3^', 'WRF4RDPS1^', 'MPAS25g1^', 'MPAS25g2^', 'ENS (short range)^', 'ENS (low-res)^', 'ENS (high-res)^', 'ENS (long range)^']
Now on.. MM5_g2   SFCTC_KF
Now on.. MM5_g3   SFCTC_KF
Now on.. MM5_g4   SFCTC_KF
Now on.. MM5G_g2   SFCTC_KF
Now on.. MM5G_g3   SFCTC_KF
Now on.. MM5G_g4   SFCTC_KF
Now on.. MM5G_g5   SFCTC_KF
Now on.. WRF3GEM_g2   SFCTC_KF
Now on.. WRF3GEM_g3   SFCTC_KF
Now on.. WRF3GEM_g4   SFCTC_KF
Now on.. WRF3NAM_g2   SFCTC_KF
Now on.. WRF3NAM_g3   SFCTC_KF
Now on.. WRF3NAM_g4   SFCTC_KF
Now on.. WRF3GFS_g2   SFCTC_KF
Now on.. WRF3GFS_g3   SFCTC_KF
Now on.. WRF3GFS_g4   SFCTC_KF
Now on.. WRF3GFS_g5   SFCTC_KF
Now on.. WRF3NAVGEM_g2   SFCTC_KF
Now on.. WRF3NAVGEM_g3   SFCTC_KF
Now on.. WRF3NAVGEM_g4   SFCTC_KF
Now on.. WRF3GFSgc01_g2   SFCTC_KF
Now on.. WRF3GFSgc01_g3   SFCTC_KF
Now on.. WRF3ARPEGE_g2   SFCTC_KF
Now on.. WRF3ARPEGE_g3   SFCTC_KF
Now on.. WRF4ICON_g2   SFCTC_KF
Now on.. WRF4ICON_g3   SFCTC_KF
Now on.. WRF4NAM_g2   SFCTC_KF
Now on.. WRF4NAM_g3   SFCTC_KF
Now on.. WRF4NAM_g4   SFCTC_KF
Now on.. NMM3NAM_g2   SFCTC_KF
Now on.. NMM3NAM_g3   SFCTC_KF
Now on.. NMM3NAM_g4   SFCTC_KF
Now on.. NMM3GFS_g2   SFCTC_KF
Now on.. NMM3GFS_g3   SFCTC_KF
Now on.. WRF2NAM_g1   SFCTC_KF
Now on.. WRF2NAM_g2   SFCTC_KF
Now on.. WRF2NAM_g3   SFCTC_KF
Now on.. WRF2NAM81_g1   SFCTC_KF
Now on.. WRF2NAM81_g2   SFCTC_KF
Now on.. WRF2NAM81_g3   SFCTC_KF
Now on.. WRF2GFS_g1   SFCTC_KF
Now on.. WRF2GFS_g2   SFCTC_KF
Now on.. WRF2GFS_g3   SFCTC_KF
Now on.. WRF2GFS81_g1   SFCTC_KF
Now on.. WRF2GFS81_g2   SFCTC_KF
Now on.. WRF2GFS81_g3   SFCTC_KF
Now on.. WRF4RDPS_g3   SFCTC_KF
Now on.. WRF4RDPS_g4   SFCTC_KF
Now on.. WRF4RDPS_g5   SFCTC_KF
Now on.. MPAS25_g1   SFCTC_KF
Now on.. MPAS25_g2   SFCTC_KF
Now on.. ENS   SFCTC_KF
Now on.. ENS_lr   SFCTC_KF
Now on.. ENS_hr   SFCTC_KF
Now on.. ENS_LR   SFCTC_KF
SFCTC_KF
[0.971, 1.124, 1.201, 1.35, 0.981, 3.03, 5.12, 1.018, 1.024, 0.999, 3.136, 5.193, 5.85, 0.837, 0.879, 0.961, 0.926, 3.046, 1.106, 1.079, 0.93, 3.052, 0.982, 0.981, 0.942, 1.038, 1.264, 0.985, 1.04, 0.992, 0.988, 1.861, 1.049, 1.063, 1.288, 0.987, 0.971, 1.349, 0.977, 0.969, 1.262, 0.919, 3.154, 0.814, 0.819, 0.951, 0.957, 1.182, 0.943]
['MM5GFS36^', 'MM5GFS12^', 'MM5GFS4^', 'MM5GFS1.3^', 'WRF3GEM36^', 'WRF3GEM12^', 'WRF3GEM4^', 'WRF3NAM36^', 'WRF3NAM12^', 'WRF3GFS36^', 'WRF3GFS12^', 'WRF3GFS4^', 'WRF3GFS1.3^', 'WRF3NAVGEM36^', 'WRF3NAVGEM12^', 'WRF3NAVGEM4^', 'WRF3GFSgc27^', 'WRF3GFSgc9^', 'WRF3ARPEGE27^', 'WRF3ARPEGE9^', 'WRF4ICON27^', 'WRF4ICON9^', 'WRF4NAM36^', 'WRF4NAM12^', 'NMM3NAM36^', 'NMM3NAM12^', 'NMM3NAM4^', 'NMM3GFS36^', 'NMM3GFS12^', 'WRF2NAM108^', 'WRF2NAM36^', 'WRF2NAM12^', 'WRF2NAM81^', 'WRF2NAM27^', 'WRF2NAM9^', 'WRF2GFS108^', 'WRF2GFS36^', 'WRF2GFS12^', 'WRF2GFS81^', 'WRF2GFS27^', 'WRF2GFS9^', 'WRF4RDPS9^', 'WRF4RDPS3^', 'MPAS25g1^', 'MPAS25g2^', 'ENS (short range)^', 'ENS (low-res)^', 'ENS (high-res)^', 'ENS (long range)^']
Now on.. MM5_g2   SFCTC_KF
Now on.. MM5_g3   SFCTC_KF
Now on.. MM5_g4   SFCTC_KF
Now on.. MM5G_g2   SFCTC_KF
Now on.. MM5G_g3   SFCTC_KF
Now on.. MM5G_g4   SFCTC_KF
Now on.. MM5G_g5   SFCTC_KF
Now on.. WRF3GEM_g2   SFCTC_KF
Now on.. WRF3GEM_g3   SFCTC_KF
Now on.. WRF3GEM_g4   SFCTC_KF
Now on.. WRF3NAM_g2   SFCTC_KF
Now on.. WRF3NAM_g3   SFCTC_KF
Now on.. WRF3NAM_g4   SFCTC_KF
Now on.. WRF3GFS_g2   SFCTC_KF
Now on.. WRF3GFS_g3   SFCTC_KF
Now on.. WRF3GFS_g4   SFCTC_KF
Now on.. WRF3GFS_g5   SFCTC_KF
Now on.. WRF3NAVGEM_g2   SFCTC_KF
Now on.. WRF3NAVGEM_g3   SFCTC_KF
Now on.. WRF3NAVGEM_g4   SFCTC_KF
Now on.. WRF3GFSgc01_g2   SFCTC_KF
Now on.. WRF3GFSgc01_g3   SFCTC_KF
Now on.. WRF3ARPEGE_g2   SFCTC_KF
Now on.. WRF3ARPEGE_g3   SFCTC_KF
Now on.. WRF4ICON_g2   SFCTC_KF
Now on.. WRF4ICON_g3   SFCTC_KF
Now on.. WRF4NAM_g2   SFCTC_KF
Now on.. WRF4NAM_g3   SFCTC_KF
Now on.. WRF4NAM_g4   SFCTC_KF
Now on.. NMM3NAM_g2   SFCTC_KF
Now on.. NMM3NAM_g3   SFCTC_KF
Now on.. NMM3NAM_g4   SFCTC_KF
Now on.. NMM3GFS_g2   SFCTC_KF
Now on.. NMM3GFS_g3   SFCTC_KF
Now on.. WRF2NAM_g1   SFCTC_KF
Now on.. WRF2NAM_g2   SFCTC_KF
Now on.. WRF2NAM_g3   SFCTC_KF
Now on.. WRF2NAM81_g1   SFCTC_KF
Now on.. WRF2NAM81_g2   SFCTC_KF
Now on.. WRF2NAM81_g3   SFCTC_KF
Now on.. WRF2GFS_g1   SFCTC_KF
Now on.. WRF2GFS_g2   SFCTC_KF
Now on.. WRF2GFS_g3   SFCTC_KF
Now on.. WRF2GFS81_g1   SFCTC_KF
Now on.. WRF2GFS81_g2   SFCTC_KF
Now on.. WRF2GFS81_g3   SFCTC_KF
Now on.. WRF4RDPS_g3   SFCTC_KF
Now on.. WRF4RDPS_g4   SFCTC_KF
Now on.. WRF4RDPS_g5   SFCTC_KF
Now on.. MPAS25_g1   SFCTC_KF
Now on.. MPAS25_g2   SFCTC_KF
Now on.. ENS   SFCTC_KF
Now on.. ENS_lr   SFCTC_KF
Now on.. ENS_hr   SFCTC_KF
Now on.. ENS_LR   SFCTC_KF
SFCTC_KF
[1.293, 3.155, 1.293, 3.294, 1.177, 1.203, 1.234, 3.125, 1.231, 3.161, 1.418, 1.443, 1.167, 1.19, 1.702, 1.209, 1.238, 1.651, 1.463, 1.457, 1.235, 1.239, 1.229]
['WRF3GEM36^', 'WRF3GEM12^', 'WRF3GFS36^', 'WRF3GFS12^', 'WRF3NAVGEM36^', 'WRF3NAVGEM12^', 'WRF3GFSgc27^', 'WRF3GFSgc9^', 'WRF4ICON27^', 'WRF4ICON9^', 'NMM3GFS36^', 'NMM3GFS12^', 'WRF2GFS108^', 'WRF2GFS36^', 'WRF2GFS12^', 'WRF2GFS81^', 'WRF2GFS27^', 'WRF2GFS9^', 'MPAS25g1^', 'MPAS25g2^', 'ENS (short range)^', 'ENS (low-res)^', 'ENS (long range)^']
Now on.. MM5_g2   SFCTC_KF
Now on.. MM5_g3   SFCTC_KF
Now on.. MM5_g4   SFCTC_KF
Now on.. MM5G_g2   SFCTC_KF
Now on.. MM5G_g3   SFCTC_KF
Now on.. MM5G_g4   SFCTC_KF
Now on.. MM5G_g5   SFCTC_KF
Now on.. WRF3GEM_g2   SFCTC_KF
Now on.. WRF3GEM_g3   SFCTC_KF
Now on.. WRF3GEM_g4   SFCTC_KF
Now on.. WRF3NAM_g2   SFCTC_KF
Now on.. WRF3NAM_g3   SFCTC_KF
Now on.. WRF3NAM_g4   SFCTC_KF
Now on.. WRF3GFS_g2   SFCTC_KF
Now on.. WRF3GFS_g3   SFCTC_KF
Now on.. WRF3GFS_g4   SFCTC_KF
Now on.. WRF3GFS_g5   SFCTC_KF
Now on.. WRF3NAVGEM_g2   SFCTC_KF
Now on.. WRF3NAVGEM_g3   SFCTC_KF
Now on.. WRF3NAVGEM_g4   SFCTC_KF
Now on.. WRF3GFSgc01_g2   SFCTC_KF
Now on.. WRF3GFSgc01_g3   SFCTC_KF
Now on.. WRF3ARPEGE_g2   SFCTC_KF
Now on.. WRF3ARPEGE_g3   SFCTC_KF
Now on.. WRF4ICON_g2   SFCTC_KF
Now on.. WRF4ICON_g3   SFCTC_KF
Now on.. WRF4NAM_g2   SFCTC_KF
Now on.. WRF4NAM_g3   SFCTC_KF
Now on.. WRF4NAM_g4   SFCTC_KF
Now on.. NMM3NAM_g2   SFCTC_KF
Now on.. NMM3NAM_g3   SFCTC_KF
Now on.. NMM3NAM_g4   SFCTC_KF
Now on.. NMM3GFS_g2   SFCTC_KF
Now on.. NMM3GFS_g3   SFCTC_KF
Now on.. WRF2NAM_g1   SFCTC_KF
Now on.. WRF2NAM_g2   SFCTC_KF
Now on.. WRF2NAM_g3   SFCTC_KF
Now on.. WRF2NAM81_g1   SFCTC_KF
Now on.. WRF2NAM81_g2   SFCTC_KF
Now on.. WRF2NAM81_g3   SFCTC_KF
Now on.. WRF2GFS_g1   SFCTC_KF
Now on.. WRF2GFS_g2   SFCTC_KF
Now on.. WRF2GFS_g3   SFCTC_KF
Now on.. WRF2GFS81_g1   SFCTC_KF
Now on.. WRF2GFS81_g2   SFCTC_KF
Now on.. WRF2GFS81_g3   SFCTC_KF
Now on.. WRF4RDPS_g3   SFCTC_KF
Now on.. WRF4RDPS_g4   SFCTC_KF
Now on.. WRF4RDPS_g5   SFCTC_KF
Now on.. MPAS25_g1   SFCTC_KF
Now on.. MPAS25_g2   SFCTC_KF
Now on.. ENS   SFCTC_KF
Now on.. ENS_lr   SFCTC_KF
Now on.. ENS_hr   SFCTC_KF
Now on.. ENS_LR   SFCTC_KF
SFCTC_KF
[1.546, 3.473, 2.122, 3.394, 1.768, 3.379, 1.643, 1.556, 1.369, 1.368, 1.845, 1.348, 1.344, 1.686, 1.466, 1.468, 1.461]
['WRF3GFS36^', 'WRF3GFS12^', 'WRF3GFSgc27^', 'WRF3GFSgc9^', 'WRF4ICON27^', 'WRF4ICON9^', 'NMM3GFS36^', 'NMM3GFS12^', 'WRF2GFS108^', 'WRF2GFS36^', 'WRF2GFS12^', 'WRF2GFS81^', 'WRF2GFS27^', 'WRF2GFS9^', 'ENS (short range)^', 'ENS (low-res)^', 'ENS (long range)^']
Now on.. MM5_g2   SFCTC_KF
Now on.. MM5_g3   SFCTC_KF
Now on.. MM5_g4   SFCTC_KF
Now on.. MM5G_g2   SFCTC_KF
Now on.. MM5G_g3   SFCTC_KF
Now on.. MM5G_g4   SFCTC_KF
Now on.. MM5G_g5   SFCTC_KF
Now on.. WRF3GEM_g2   SFCTC_KF
Now on.. WRF3GEM_g3   SFCTC_KF
Now on.. WRF3GEM_g4   SFCTC_KF
Now on.. WRF3NAM_g2   SFCTC_KF
Now on.. WRF3NAM_g3   SFCTC_KF
Now on.. WRF3NAM_g4   SFCTC_KF
Now on.. WRF3GFS_g2   SFCTC_KF
Now on.. WRF3GFS_g3   SFCTC_KF
Now on.. WRF3GFS_g4   SFCTC_KF
Now on.. WRF3GFS_g5   SFCTC_KF
Now on.. WRF3NAVGEM_g2   SFCTC_KF
Now on.. WRF3NAVGEM_g3   SFCTC_KF
Now on.. WRF3NAVGEM_g4   SFCTC_KF
Now on.. WRF3GFSgc01_g2   SFCTC_KF
Now on.. WRF3GFSgc01_g3   SFCTC_KF
Now on.. WRF3ARPEGE_g2   SFCTC_KF
Now on.. WRF3ARPEGE_g3   SFCTC_KF
Now on.. WRF4ICON_g2   SFCTC_KF
Now on.. WRF4ICON_g3   SFCTC_KF
Now on.. WRF4NAM_g2   SFCTC_KF
Now on.. WRF4NAM_g3   SFCTC_KF
Now on.. WRF4NAM_g4   SFCTC_KF
Now on.. NMM3NAM_g2   SFCTC_KF
Now on.. NMM3NAM_g3   SFCTC_KF
Now on.. NMM3NAM_g4   SFCTC_KF
Now on.. NMM3GFS_g2   SFCTC_KF
Now on.. NMM3GFS_g3   SFCTC_KF
Now on.. WRF2NAM_g1   SFCTC_KF
Now on.. WRF2NAM_g2   SFCTC_KF
Now on.. WRF2NAM_g3   SFCTC_KF
Now on.. WRF2NAM81_g1   SFCTC_KF
Now on.. WRF2NAM81_g2   SFCTC_KF
Now on.. WRF2NAM81_g3   SFCTC_KF
Now on.. WRF2GFS_g1   SFCTC_KF
Now on.. WRF2GFS_g2   SFCTC_KF
Now on.. WRF2GFS_g3   SFCTC_KF
Now on.. WRF2GFS81_g1   SFCTC_KF
Now on.. WRF2GFS81_g2   SFCTC_KF
Now on.. WRF2GFS81_g3   SFCTC_KF
Now on.. WRF4RDPS_g3   SFCTC_KF
Now on.. WRF4RDPS_g4   SFCTC_KF
Now on.. WRF4RDPS_g5   SFCTC_KF
Now on.. MPAS25_g1   SFCTC_KF
Now on.. MPAS25_g2   SFCTC_KF
Now on.. ENS   SFCTC_KF
Now on.. ENS_lr   SFCTC_KF
Now on.. ENS_hr   SFCTC_KF
Now on.. ENS_LR   SFCTC_KF
SFCTC_KF
[1.05, 1.046, 1.129, 1.146, 1.154, 1.142, 1.1, 0.979, 2.921, 4.929, 0.996, 1.054, 1.096, 0.967, 2.946, 4.979, 5.625, 0.725, 0.879, 0.942, 1.012, 3.008, 1.042, 1.146, 0.829, 2.746, 1.025, 1.0, 0.946, 1.046, 1.387, 1.596, 1.129, 1.521, 1.171, 1.213, 1.479, 1.217, 1.246, 1.45, 1.067, 1.067, 1.296, 1.1, 1.096, 1.3, 1.008, 2.975, 4.562, 0.946, 0.971, 0.954, 0.967, 0.992, 0.921]
['MM5NAM36^', 'MM5NAM12^', 'MM5NAM4^', 'MM5GFS36^', 'MM5GFS12^', 'MM5GFS4^', 'MM5GFS1.3^', 'WRF3GEM36^', 'WRF3GEM12^', 'WRF3GEM4^', 'WRF3NAM36^', 'WRF3NAM12^', 'WRF3NAM4^', 'WRF3GFS36^', 'WRF3GFS12^', 'WRF3GFS4^', 'WRF3GFS1.3^', 'WRF3NAVGEM36^', 'WRF3NAVGEM12^', 'WRF3NAVGEM4^', 'WRF3GFSgc27^', 'WRF3GFSgc9^', 'WRF3ARPEGE27^', 'WRF3ARPEGE9^', 'WRF4ICON27^', 'WRF4ICON9^', 'WRF4NAM36^', 'WRF4NAM12^', 'WRF4NAM4^', 'NMM3NAM36^', 'NMM3NAM12^', 'NMM3NAM4^', 'NMM3GFS36^', 'NMM3GFS12^', 'WRF2NAM108^', 'WRF2NAM36^', 'WRF2NAM12^', 'WRF2NAM81^', 'WRF2NAM27^', 'WRF2NAM9^', 'WRF2GFS108^', 'WRF2GFS36^', 'WRF2GFS12^', 'WRF2GFS81^', 'WRF2GFS27^', 'WRF2GFS9^', 'WRF4RDPS9^', 'WRF4RDPS3^', 'WRF4RDPS1^', 'MPAS25g1^', 'MPAS25g2^', 'ENS (short range)^', 'ENS (low-res)^', 'ENS (high-res)^', 'ENS (long range)^']
Now on.. MM5_g2   SFCTC_KF
Now on.. MM5_g3   SFCTC_KF
Now on.. MM5_g4   SFCTC_KF
Now on.. MM5G_g2   SFCTC_KF
Now on.. MM5G_g3   SFCTC_KF
Now on.. MM5G_g4   SFCTC_KF
Now on.. MM5G_g5   SFCTC_KF
Now on.. WRF3GEM_g2   SFCTC_KF
Now on.. WRF3GEM_g3   SFCTC_KF
Now on.. WRF3GEM_g4   SFCTC_KF
Now on.. WRF3NAM_g2   SFCTC_KF
Now on.. WRF3NAM_g3   SFCTC_KF
Now on.. WRF3NAM_g4   SFCTC_KF
Now on.. WRF3GFS_g2   SFCTC_KF
Now on.. WRF3GFS_g3   SFCTC_KF
Now on.. WRF3GFS_g4   SFCTC_KF
Now on.. WRF3GFS_g5   SFCTC_KF
Now on.. WRF3NAVGEM_g2   SFCTC_KF
Now on.. WRF3NAVGEM_g3   SFCTC_KF
Now on.. WRF3NAVGEM_g4   SFCTC_KF
Now on.. WRF3GFSgc01_g2   SFCTC_KF
Now on.. WRF3GFSgc01_g3   SFCTC_KF
Now on.. WRF3ARPEGE_g2   SFCTC_KF
Now on.. WRF3ARPEGE_g3   SFCTC_KF
Now on.. WRF4ICON_g2   SFCTC_KF
Now on.. WRF4ICON_g3   SFCTC_KF
Now on.. WRF4NAM_g2   SFCTC_KF
Now on.. WRF4NAM_g3   SFCTC_KF
Now on.. WRF4NAM_g4   SFCTC_KF
Now on.. NMM3NAM_g2   SFCTC_KF
Now on.. NMM3NAM_g3   SFCTC_KF
Now on.. NMM3NAM_g4   SFCTC_KF
Now on.. NMM3GFS_g2   SFCTC_KF
Now on.. NMM3GFS_g3   SFCTC_KF
Now on.. WRF2NAM_g1   SFCTC_KF
Now on.. WRF2NAM_g2   SFCTC_KF
Now on.. WRF2NAM_g3   SFCTC_KF
Now on.. WRF2NAM81_g1   SFCTC_KF
Now on.. WRF2NAM81_g2   SFCTC_KF
Now on.. WRF2NAM81_g3   SFCTC_KF
Now on.. WRF2GFS_g1   SFCTC_KF
Now on.. WRF2GFS_g2   SFCTC_KF
Now on.. WRF2GFS_g3   SFCTC_KF
Now on.. WRF2GFS81_g1   SFCTC_KF
Now on.. WRF2GFS81_g2   SFCTC_KF
Now on.. WRF2GFS81_g3   SFCTC_KF
Now on.. WRF4RDPS_g3   SFCTC_KF
Now on.. WRF4RDPS_g4   SFCTC_KF
Now on.. WRF4RDPS_g5   SFCTC_KF
Now on.. MPAS25_g1   SFCTC_KF
Now on.. MPAS25_g2   SFCTC_KF
Now on.. ENS   SFCTC_KF
Now on.. ENS_lr   SFCTC_KF
Now on.. ENS_hr   SFCTC_KF
Now on.. ENS_LR   SFCTC_KF
SFCTC_KF
[1.058, 1.1, 1.142, 1.0, 0.767, 0.896, 0.846, 0.779, 3.021, 4.975, 0.908, 0.913, 1.029, 0.908, 3.154, 5.096, 5.583, 0.871, 0.933, 0.854, 0.838, 3.146, 0.763, 0.85, 0.833, 3.1, 0.929, 0.963, 0.996, 0.746, 0.804, 0.692, 0.767, 0.796, 0.871, 0.888, 1.421, 0.9, 0.938, 0.808, 0.913, 0.921, 0.896, 0.887, 0.913, 0.913, 0.875, 2.812, 4.525, 0.717, 0.717, 0.867, 0.858, 0.946, 0.825]
['MM5NAM36^', 'MM5NAM12^', 'MM5NAM4^', 'MM5GFS36^', 'MM5GFS12^', 'MM5GFS4^', 'MM5GFS1.3^', 'WRF3GEM36^', 'WRF3GEM12^', 'WRF3GEM4^', 'WRF3NAM36^', 'WRF3NAM12^', 'WRF3NAM4^', 'WRF3GFS36^', 'WRF3GFS12^', 'WRF3GFS4^', 'WRF3GFS1.3^', 'WRF3NAVGEM36^', 'WRF3NAVGEM12^', 'WRF3NAVGEM4^', 'WRF3GFSgc27^', 'WRF3GFSgc9^', 'WRF3ARPEGE27^', 'WRF3ARPEGE9^', 'WRF4ICON27^', 'WRF4ICON9^', 'WRF4NAM36^', 'WRF4NAM12^', 'WRF4NAM4^', 'NMM3NAM36^', 'NMM3NAM12^', 'NMM3NAM4^', 'NMM3GFS36^', 'NMM3GFS12^', 'WRF2NAM108^', 'WRF2NAM36^', 'WRF2NAM12^', 'WRF2NAM81^', 'WRF2NAM27^', 'WRF2NAM9^', 'WRF2GFS108^', 'WRF2GFS36^', 'WRF2GFS12^', 'WRF2GFS81^', 'WRF2GFS27^', 'WRF2GFS9^', 'WRF4RDPS9^', 'WRF4RDPS3^', 'WRF4RDPS1^', 'MPAS25g1^', 'MPAS25g2^', 'ENS (short range)^', 'ENS (low-res)^', 'ENS (high-res)^', 'ENS (long range)^']
Now on.. MM5_g2   SFCTC_KF
Now on.. MM5_g3   SFCTC_KF
Now on.. MM5_g4   SFCTC_KF
Now on.. MM5G_g2   SFCTC_KF
Now on.. MM5G_g3   SFCTC_KF
Now on.. MM5G_g4   SFCTC_KF
Now on.. MM5G_g5   SFCTC_KF
Now on.. WRF3GEM_g2   SFCTC_KF
Now on.. WRF3GEM_g3   SFCTC_KF
Now on.. WRF3GEM_g4   SFCTC_KF
Now on.. WRF3NAM_g2   SFCTC_KF
Now on.. WRF3NAM_g3   SFCTC_KF
Now on.. WRF3NAM_g4   SFCTC_KF
Now on.. WRF3GFS_g2   SFCTC_KF
Now on.. WRF3GFS_g3   SFCTC_KF
Now on.. WRF3GFS_g4   SFCTC_KF
Now on.. WRF3GFS_g5   SFCTC_KF
Now on.. WRF3NAVGEM_g2   SFCTC_KF
Now on.. WRF3NAVGEM_g3   SFCTC_KF
Now on.. WRF3NAVGEM_g4   SFCTC_KF
Now on.. WRF3GFSgc01_g2   SFCTC_KF
Now on.. WRF3GFSgc01_g3   SFCTC_KF
Now on.. WRF3ARPEGE_g2   SFCTC_KF
Now on.. WRF3ARPEGE_g3   SFCTC_KF
Now on.. WRF4ICON_g2   SFCTC_KF
Now on.. WRF4ICON_g3   SFCTC_KF
Now on.. WRF4NAM_g2   SFCTC_KF
Now on.. WRF4NAM_g3   SFCTC_KF
Now on.. WRF4NAM_g4   SFCTC_KF
Now on.. NMM3NAM_g2   SFCTC_KF
Now on.. NMM3NAM_g3   SFCTC_KF
Now on.. NMM3NAM_g4   SFCTC_KF
Now on.. NMM3GFS_g2   SFCTC_KF
Now on.. NMM3GFS_g3   SFCTC_KF
Now on.. WRF2NAM_g1   SFCTC_KF
Now on.. WRF2NAM_g2   SFCTC_KF
Now on.. WRF2NAM_g3   SFCTC_KF
Now on.. WRF2NAM81_g1   SFCTC_KF
Now on.. WRF2NAM81_g2   SFCTC_KF
Now on.. WRF2NAM81_g3   SFCTC_KF
Now on.. WRF2GFS_g1   SFCTC_KF
Now on.. WRF2GFS_g2   SFCTC_KF
Now on.. WRF2GFS_g3   SFCTC_KF
Now on.. WRF2GFS81_g1   SFCTC_KF
Now on.. WRF2GFS81_g2   SFCTC_KF
Now on.. WRF2GFS81_g3   SFCTC_KF
Now on.. WRF4RDPS_g3   SFCTC_KF
Now on.. WRF4RDPS_g4   SFCTC_KF
Now on.. WRF4RDPS_g5   SFCTC_KF
Now on.. MPAS25_g1   SFCTC_KF
Now on.. MPAS25_g2   SFCTC_KF
Now on.. ENS   SFCTC_KF
Now on.. ENS_lr   SFCTC_KF
Now on.. ENS_hr   SFCTC_KF
Now on.. ENS_LR   SFCTC_KF
SFCTC_KF
[0.871, 0.975, 1.096, 1.229, 0.758, 2.658, 5.071, 0.721, 0.688, 0.758, 2.883, 5.258, 5.938, 0.75, 0.792, 0.954, 0.717, 2.712, 0.871, 0.725, 0.633, 2.783, 0.663, 0.679, 0.608, 0.679, 0.779, 0.679, 0.65, 0.617, 0.621, 1.588, 0.642, 0.65, 0.942, 0.654, 0.642, 1.154, 0.671, 0.683, 1.05, 0.908, 2.721, 0.708, 0.688, 0.7, 0.692, 1.338, 0.708]
['MM5GFS36^', 'MM5GFS12^', 'MM5GFS4^', 'MM5GFS1.3^', 'WRF3GEM36^', 'WRF3GEM12^', 'WRF3GEM4^', 'WRF3NAM36^', 'WRF3NAM12^', 'WRF3GFS36^', 'WRF3GFS12^', 'WRF3GFS4^', 'WRF3GFS1.3^', 'WRF3NAVGEM36^', 'WRF3NAVGEM12^', 'WRF3NAVGEM4^', 'WRF3GFSgc27^', 'WRF3GFSgc9^', 'WRF3ARPEGE27^', 'WRF3ARPEGE9^', 'WRF4ICON27^', 'WRF4ICON9^', 'WRF4NAM36^', 'WRF4NAM12^', 'NMM3NAM36^', 'NMM3NAM12^', 'NMM3NAM4^', 'NMM3GFS36^', 'NMM3GFS12^', 'WRF2NAM108^', 'WRF2NAM36^', 'WRF2NAM12^', 'WRF2NAM81^', 'WRF2NAM27^', 'WRF2NAM9^', 'WRF2GFS108^', 'WRF2GFS36^', 'WRF2GFS12^', 'WRF2GFS81^', 'WRF2GFS27^', 'WRF2GFS9^', 'WRF4RDPS9^', 'WRF4RDPS3^', 'MPAS25g1^', 'MPAS25g2^', 'ENS (short range)^', 'ENS (low-res)^', 'ENS (high-res)^', 'ENS (long range)^']
Now on.. MM5_g2   SFCTC_KF
Now on.. MM5_g3   SFCTC_KF
Now on.. MM5_g4   SFCTC_KF
Now on.. MM5G_g2   SFCTC_KF
Now on.. MM5G_g3   SFCTC_KF
Now on.. MM5G_g4   SFCTC_KF
Now on.. MM5G_g5   SFCTC_KF
Now on.. WRF3GEM_g2   SFCTC_KF
Now on.. WRF3GEM_g3   SFCTC_KF
Now on.. WRF3GEM_g4   SFCTC_KF
Now on.. WRF3NAM_g2   SFCTC_KF
Now on.. WRF3NAM_g3   SFCTC_KF
Now on.. WRF3NAM_g4   SFCTC_KF
Now on.. WRF3GFS_g2   SFCTC_KF
Now on.. WRF3GFS_g3   SFCTC_KF
Now on.. WRF3GFS_g4   SFCTC_KF
Now on.. WRF3GFS_g5   SFCTC_KF
Now on.. WRF3NAVGEM_g2   SFCTC_KF
Now on.. WRF3NAVGEM_g3   SFCTC_KF
Now on.. WRF3NAVGEM_g4   SFCTC_KF
Now on.. WRF3GFSgc01_g2   SFCTC_KF
Now on.. WRF3GFSgc01_g3   SFCTC_KF
Now on.. WRF3ARPEGE_g2   SFCTC_KF
Now on.. WRF3ARPEGE_g3   SFCTC_KF
Now on.. WRF4ICON_g2   SFCTC_KF
Now on.. WRF4ICON_g3   SFCTC_KF
Now on.. WRF4NAM_g2   SFCTC_KF
Now on.. WRF4NAM_g3   SFCTC_KF
Now on.. WRF4NAM_g4   SFCTC_KF
Now on.. NMM3NAM_g2   SFCTC_KF
Now on.. NMM3NAM_g3   SFCTC_KF
Now on.. NMM3NAM_g4   SFCTC_KF
Now on.. NMM3GFS_g2   SFCTC_KF
Now on.. NMM3GFS_g3   SFCTC_KF
Now on.. WRF2NAM_g1   SFCTC_KF
Now on.. WRF2NAM_g2   SFCTC_KF
Now on.. WRF2NAM_g3   SFCTC_KF
Now on.. WRF2NAM81_g1   SFCTC_KF
Now on.. WRF2NAM81_g2   SFCTC_KF
Now on.. WRF2NAM81_g3   SFCTC_KF
Now on.. WRF2GFS_g1   SFCTC_KF
Now on.. WRF2GFS_g2   SFCTC_KF
Now on.. WRF2GFS_g3   SFCTC_KF
Now on.. WRF2GFS81_g1   SFCTC_KF
Now on.. WRF2GFS81_g2   SFCTC_KF
Now on.. WRF2GFS81_g3   SFCTC_KF
Now on.. WRF4RDPS_g3   SFCTC_KF
Now on.. WRF4RDPS_g4   SFCTC_KF
Now on.. WRF4RDPS_g5   SFCTC_KF
Now on.. MPAS25_g1   SFCTC_KF
Now on.. MPAS25_g2   SFCTC_KF
Now on.. ENS   SFCTC_KF
Now on.. ENS_lr   SFCTC_KF
Now on.. ENS_hr   SFCTC_KF
Now on.. ENS_LR   SFCTC_KF
SFCTC_KF
[1.817, 3.212, 1.538, 3.454, 1.25, 1.192, 1.392, 3.162, 2.704, 2.525, 1.717, 3.212, 1.721, 1.5, 1.354, 1.375, 2.462, 1.392, 1.375, 2.233, 1.487, 1.512, 1.546, 1.571, 1.583]
['WRF3GEM36^', 'WRF3GEM12^', 'WRF3GFS36^', 'WRF3GFS12^', 'WRF3NAVGEM36^', 'WRF3NAVGEM12^', 'WRF3GFSgc27^', 'WRF3GFSgc9^', 'WRF3ARPEGE27^', 'WRF3ARPEGE9^', 'WRF4ICON27^', 'WRF4ICON9^', 'NMM3GFS36^', 'NMM3GFS12^', 'WRF2GFS108^', 'WRF2GFS36^', 'WRF2GFS12^', 'WRF2GFS81^', 'WRF2GFS27^', 'WRF2GFS9^', 'MPAS25g1^', 'MPAS25g2^', 'ENS (short range)^', 'ENS (low-res)^', 'ENS (long range)^']
Now on.. MM5_g2   SFCTC_KF
Now on.. MM5_g3   SFCTC_KF
Now on.. MM5_g4   SFCTC_KF
Now on.. MM5G_g2   SFCTC_KF
Now on.. MM5G_g3   SFCTC_KF
Now on.. MM5G_g4   SFCTC_KF
Now on.. MM5G_g5   SFCTC_KF
Now on.. WRF3GEM_g2   SFCTC_KF
Now on.. WRF3GEM_g3   SFCTC_KF
Now on.. WRF3GEM_g4   SFCTC_KF
Now on.. WRF3NAM_g2   SFCTC_KF
Now on.. WRF3NAM_g3   SFCTC_KF
Now on.. WRF3NAM_g4   SFCTC_KF
Now on.. WRF3GFS_g2   SFCTC_KF
Now on.. WRF3GFS_g3   SFCTC_KF
Now on.. WRF3GFS_g4   SFCTC_KF
Now on.. WRF3GFS_g5   SFCTC_KF
Now on.. WRF3NAVGEM_g2   SFCTC_KF
Now on.. WRF3NAVGEM_g3   SFCTC_KF
Now on.. WRF3NAVGEM_g4   SFCTC_KF
Now on.. WRF3GFSgc01_g2   SFCTC_KF
Now on.. WRF3GFSgc01_g3   SFCTC_KF
Now on.. WRF3ARPEGE_g2   SFCTC_KF
Now on.. WRF3ARPEGE_g3   SFCTC_KF
Now on.. WRF4ICON_g2   SFCTC_KF
Now on.. WRF4ICON_g3   SFCTC_KF
Now on.. WRF4NAM_g2   SFCTC_KF
Now on.. WRF4NAM_g3   SFCTC_KF
Now on.. WRF4NAM_g4   SFCTC_KF
Now on.. NMM3NAM_g2   SFCTC_KF
Now on.. NMM3NAM_g3   SFCTC_KF
Now on.. NMM3NAM_g4   SFCTC_KF
Now on.. NMM3GFS_g2   SFCTC_KF
Now on.. NMM3GFS_g3   SFCTC_KF
Now on.. WRF2NAM_g1   SFCTC_KF
Now on.. WRF2NAM_g2   SFCTC_KF
Now on.. WRF2NAM_g3   SFCTC_KF
Now on.. WRF2NAM81_g1   SFCTC_KF
Now on.. WRF2NAM81_g2   SFCTC_KF
Now on.. WRF2NAM81_g3   SFCTC_KF
Now on.. WRF2GFS_g1   SFCTC_KF
Now on.. WRF2GFS_g2   SFCTC_KF
Now on.. WRF2GFS_g3   SFCTC_KF
Now on.. WRF2GFS81_g1   SFCTC_KF
Now on.. WRF2GFS81_g2   SFCTC_KF
Now on.. WRF2GFS81_g3   SFCTC_KF
Now on.. WRF4RDPS_g3   SFCTC_KF
Now on.. WRF4RDPS_g4   SFCTC_KF
Now on.. WRF4RDPS_g5   SFCTC_KF
Now on.. MPAS25_g1   SFCTC_KF
Now on.. MPAS25_g2   SFCTC_KF
Now on.. ENS   SFCTC_KF
Now on.. ENS_lr   SFCTC_KF
Now on.. ENS_hr   SFCTC_KF
Now on.. ENS_LR   SFCTC_KF
SFCTC_KF
[2.133, 3.962, 2.292, 4.033, 2.292, 2.217, 2.212, 3.596, 2.142, 3.962, 2.792, 2.75, 1.846, 1.946, 2.7, 1.996, 2.121, 2.758, 3.458, 3.4, 2.108, 2.108, 2.108]
['WRF3GEM36^', 'WRF3GEM12^', 'WRF3GFS36^', 'WRF3GFS12^', 'WRF3NAVGEM36^', 'WRF3NAVGEM12^', 'WRF3GFSgc27^', 'WRF3GFSgc9^', 'WRF4ICON27^', 'WRF4ICON9^', 'NMM3GFS36^', 'NMM3GFS12^', 'WRF2GFS108^', 'WRF2GFS36^', 'WRF2GFS12^', 'WRF2GFS81^', 'WRF2GFS27^', 'WRF2GFS9^', 'MPAS25g1^', 'MPAS25g2^', 'ENS (short range)^', 'ENS (low-res)^', 'ENS (long range)^']
Now on.. MM5_g2   SFCTC_KF
Now on.. MM5_g3   SFCTC_KF
Now on.. MM5_g4   SFCTC_KF
Now on.. MM5G_g2   SFCTC_KF
Now on.. MM5G_g3   SFCTC_KF
Now on.. MM5G_g4   SFCTC_KF
Now on.. MM5G_g5   SFCTC_KF
Now on.. WRF3GEM_g2   SFCTC_KF
Now on.. WRF3GEM_g3   SFCTC_KF
Now on.. WRF3GEM_g4   SFCTC_KF
Now on.. WRF3NAM_g2   SFCTC_KF
Now on.. WRF3NAM_g3   SFCTC_KF
Now on.. WRF3NAM_g4   SFCTC_KF
Now on.. WRF3GFS_g2   SFCTC_KF
Now on.. WRF3GFS_g3   SFCTC_KF
Now on.. WRF3GFS_g4   SFCTC_KF
Now on.. WRF3GFS_g5   SFCTC_KF
Now on.. WRF3NAVGEM_g2   SFCTC_KF
Now on.. WRF3NAVGEM_g3   SFCTC_KF
Now on.. WRF3NAVGEM_g4   SFCTC_KF
Now on.. WRF3GFSgc01_g2   SFCTC_KF
Now on.. WRF3GFSgc01_g3   SFCTC_KF
Now on.. WRF3ARPEGE_g2   SFCTC_KF
Now on.. WRF3ARPEGE_g3   SFCTC_KF
Now on.. WRF4ICON_g2   SFCTC_KF
Now on.. WRF4ICON_g3   SFCTC_KF
Now on.. WRF4NAM_g2   SFCTC_KF
Now on.. WRF4NAM_g3   SFCTC_KF
Now on.. WRF4NAM_g4   SFCTC_KF
Now on.. NMM3NAM_g2   SFCTC_KF
Now on.. NMM3NAM_g3   SFCTC_KF
Now on.. NMM3NAM_g4   SFCTC_KF
Now on.. NMM3GFS_g2   SFCTC_KF
Now on.. NMM3GFS_g3   SFCTC_KF
Now on.. WRF2NAM_g1   SFCTC_KF
Now on.. WRF2NAM_g2   SFCTC_KF
Now on.. WRF2NAM_g3   SFCTC_KF
Now on.. WRF2NAM81_g1   SFCTC_KF
Now on.. WRF2NAM81_g2   SFCTC_KF
Now on.. WRF2NAM81_g3   SFCTC_KF
Now on.. WRF2GFS_g1   SFCTC_KF
Now on.. WRF2GFS_g2   SFCTC_KF
Now on.. WRF2GFS_g3   SFCTC_KF
Now on.. WRF2GFS81_g1   SFCTC_KF
Now on.. WRF2GFS81_g2   SFCTC_KF
Now on.. WRF2GFS81_g3   SFCTC_KF
Now on.. WRF4RDPS_g3   SFCTC_KF
Now on.. WRF4RDPS_g4   SFCTC_KF
Now on.. WRF4RDPS_g5   SFCTC_KF
Now on.. MPAS25_g1   SFCTC_KF
Now on.. MPAS25_g2   SFCTC_KF
Now on.. ENS   SFCTC_KF
Now on.. ENS_lr   SFCTC_KF
Now on.. ENS_hr   SFCTC_KF
Now on.. ENS_LR   SFCTC_KF
SFCTC_KF
[2.396, 4.146, 2.229, 3.654, 1.7, 3.363, 2.892, 4.175, 2.779, 2.513, 1.933, 1.908, 2.583, 1.817, 1.775, 2.242, 2.229, 2.225, 2.225]
['WRF3GEM36^', 'WRF3GEM12^', 'WRF3GFS36^', 'WRF3GFS12^', 'WRF3GFSgc27^', 'WRF3GFSgc9^', 'WRF4ICON27^', 'WRF4ICON9^', 'NMM3GFS36^', 'NMM3GFS12^', 'WRF2GFS108^', 'WRF2GFS36^', 'WRF2GFS12^', 'WRF2GFS81^', 'WRF2GFS27^', 'WRF2GFS9^', 'ENS (short range)^', 'ENS (low-res)^', 'ENS (long range)^']
Now on.. MM5_g2   SFCTC_KF
Now on.. MM5_g3   SFCTC_KF
Now on.. MM5_g4   SFCTC_KF
Now on.. MM5G_g2   SFCTC_KF
Now on.. MM5G_g3   SFCTC_KF
Now on.. MM5G_g4   SFCTC_KF
Now on.. MM5G_g5   SFCTC_KF
Now on.. WRF3GEM_g2   SFCTC_KF
Now on.. WRF3GEM_g3   SFCTC_KF
Now on.. WRF3GEM_g4   SFCTC_KF
Now on.. WRF3NAM_g2   SFCTC_KF
Now on.. WRF3NAM_g3   SFCTC_KF
Now on.. WRF3NAM_g4   SFCTC_KF
Now on.. WRF3GFS_g2   SFCTC_KF
Now on.. WRF3GFS_g3   SFCTC_KF
Now on.. WRF3GFS_g4   SFCTC_KF
Now on.. WRF3GFS_g5   SFCTC_KF
Now on.. WRF3NAVGEM_g2   SFCTC_KF
Now on.. WRF3NAVGEM_g3   SFCTC_KF
Now on.. WRF3NAVGEM_g4   SFCTC_KF
Now on.. WRF3GFSgc01_g2   SFCTC_KF
Now on.. WRF3GFSgc01_g3   SFCTC_KF
Now on.. WRF3ARPEGE_g2   SFCTC_KF
Now on.. WRF3ARPEGE_g3   SFCTC_KF
Now on.. WRF4ICON_g2   SFCTC_KF
Now on.. WRF4ICON_g3   SFCTC_KF
Now on.. WRF4NAM_g2   SFCTC_KF
Now on.. WRF4NAM_g3   SFCTC_KF
Now on.. WRF4NAM_g4   SFCTC_KF
Now on.. NMM3NAM_g2   SFCTC_KF
Now on.. NMM3NAM_g3   SFCTC_KF
Now on.. NMM3NAM_g4   SFCTC_KF
Now on.. NMM3GFS_g2   SFCTC_KF
Now on.. NMM3GFS_g3   SFCTC_KF
Now on.. WRF2NAM_g1   SFCTC_KF
Now on.. WRF2NAM_g2   SFCTC_KF
Now on.. WRF2NAM_g3   SFCTC_KF
Now on.. WRF2NAM81_g1   SFCTC_KF
Now on.. WRF2NAM81_g2   SFCTC_KF
Now on.. WRF2NAM81_g3   SFCTC_KF
Now on.. WRF2GFS_g1   SFCTC_KF
Now on.. WRF2GFS_g2   SFCTC_KF
Now on.. WRF2GFS_g3   SFCTC_KF
Now on.. WRF2GFS81_g1   SFCTC_KF
Now on.. WRF2GFS81_g2   SFCTC_KF
Now on.. WRF2GFS81_g3   SFCTC_KF
Now on.. WRF4RDPS_g3   SFCTC_KF
Now on.. WRF4RDPS_g4   SFCTC_KF
Now on.. WRF4RDPS_g5   SFCTC_KF
Now on.. MPAS25_g1   SFCTC_KF
Now on.. MPAS25_g2   SFCTC_KF
Now on.. ENS   SFCTC_KF
Now on.. ENS_lr   SFCTC_KF
Now on.. ENS_hr   SFCTC_KF
Now on.. ENS_LR   SFCTC_KF
SFCTC_KF
[2.704, 4.708, 1.704, 3.946, 4.838, 5.225, 3.958, 3.962, 1.379, 1.238, 1.554, 1.546, 1.725, 1.496, 1.471, 1.525, 1.775, 1.775, 1.775]
['WRF3GEM36^', 'WRF3GEM12^', 'WRF3GFS36^', 'WRF3GFS12^', 'WRF3GFSgc27^', 'WRF3GFSgc9^', 'WRF4ICON27^', 'WRF4ICON9^', 'NMM3GFS36^', 'NMM3GFS12^', 'WRF2GFS108^', 'WRF2GFS36^', 'WRF2GFS12^', 'WRF2GFS81^', 'WRF2GFS27^', 'WRF2GFS9^', 'ENS (short range)^', 'ENS (low-res)^', 'ENS (long range)^']
Now on.. MM5_g2   SFCTC
Now on.. MM5_g3   SFCTC
Now on.. MM5_g4   SFCTC
Now on.. MM5G_g2   SFCTC
Now on.. MM5G_g3   SFCTC
Now on.. MM5G_g4   SFCTC
Now on.. MM5G_g5   SFCTC
Now on.. WRF3GEM_g2   SFCTC
Now on.. WRF3GEM_g3   SFCTC
Now on.. WRF3GEM_g4   SFCTC
Now on.. WRF3NAM_g2   SFCTC
Now on.. WRF3NAM_g3   SFCTC
Now on.. WRF3NAM_g4   SFCTC
Now on.. WRF3GFS_g2   SFCTC
Now on.. WRF3GFS_g3   SFCTC
Now on.. WRF3GFS_g4   SFCTC
Now on.. WRF3GFS_g5   SFCTC
Now on.. WRF3NAVGEM_g2   SFCTC
Now on.. WRF3NAVGEM_g3   SFCTC
Now on.. WRF3NAVGEM_g4   SFCTC
Now on.. WRF3GFSgc01_g2   SFCTC
Now on.. WRF3GFSgc01_g3   SFCTC
Now on.. WRF3ARPEGE_g2   SFCTC
Now on.. WRF3ARPEGE_g3   SFCTC
Now on.. WRF4ICON_g2   SFCTC
Now on.. WRF4ICON_g3   SFCTC
Now on.. WRF4NAM_g2   SFCTC
Now on.. WRF4NAM_g3   SFCTC
Now on.. WRF4NAM_g4   SFCTC
Now on.. NMM3NAM_g2   SFCTC
Now on.. NMM3NAM_g3   SFCTC
Now on.. NMM3NAM_g4   SFCTC
Now on.. NMM3GFS_g2   SFCTC
Now on.. NMM3GFS_g3   SFCTC
Now on.. WRF2NAM_g1   SFCTC
Now on.. WRF2NAM_g2   SFCTC
Now on.. WRF2NAM_g3   SFCTC
Now on.. WRF2NAM81_g1   SFCTC
Now on.. WRF2NAM81_g2   SFCTC
Now on.. WRF2NAM81_g3   SFCTC
Now on.. WRF2GFS_g1   SFCTC
Now on.. WRF2GFS_g2   SFCTC
Now on.. WRF2GFS_g3   SFCTC
Now on.. WRF2GFS81_g1   SFCTC
Now on.. WRF2GFS81_g2   SFCTC
Now on.. WRF2GFS81_g3   SFCTC
Now on.. WRF4RDPS_g3   SFCTC
Now on.. WRF4RDPS_g4   SFCTC
Now on.. WRF4RDPS_g5   SFCTC
Now on.. MPAS25_g1   SFCTC
Now on.. MPAS25_g2   SFCTC
Now on.. ENS   SFCTC
Now on.. ENS_lr   SFCTC
Now on.. ENS_hr   SFCTC
Now on.. ENS_LR   SFCTC
SFCTC
[1.423, 1.458, 1.803, 1.413, 1.465, 1.565, 1.548, 1.81, 3.135, 4.815, 1.758, 1.337, 1.268, 2.347, 3.335, 4.748, 5.013, 1.698, 1.482, 1.593, 1.657, 3.452, 1.62, 1.357, 2.592, 4.973, 1.245, 1.027, 1.117, 1.4, 1.42, 1.718, 1.45, 1.383, 2.257, 1.867, 1.918, 1.648, 1.322, 1.27, 2.557, 2.165, 2.26, 1.855, 1.483, 1.387, 1.313, 2.86, 4.433, 1.875, 1.633, 1.233, 1.348, 1.233, 1.513]
['MM5NAM36^', 'MM5NAM12^', 'MM5NAM4^', 'MM5GFS36^', 'MM5GFS12^', 'MM5GFS4^', 'MM5GFS1.3^', 'WRF3GEM36^', 'WRF3GEM12^', 'WRF3GEM4^', 'WRF3NAM36^', 'WRF3NAM12^', 'WRF3NAM4^', 'WRF3GFS36^', 'WRF3GFS12^', 'WRF3GFS4^', 'WRF3GFS1.3^', 'WRF3NAVGEM36^', 'WRF3NAVGEM12^', 'WRF3NAVGEM4^', 'WRF3GFSgc27^', 'WRF3GFSgc9^', 'WRF3ARPEGE27^', 'WRF3ARPEGE9^', 'WRF4ICON27^', 'WRF4ICON9^', 'WRF4NAM36^', 'WRF4NAM12^', 'WRF4NAM4^', 'NMM3NAM36^', 'NMM3NAM12^', 'NMM3NAM4^', 'NMM3GFS36^', 'NMM3GFS12^', 'WRF2NAM108^', 'WRF2NAM36^', 'WRF2NAM12^', 'WRF2NAM81^', 'WRF2NAM27^', 'WRF2NAM9^', 'WRF2GFS108^', 'WRF2GFS36^', 'WRF2GFS12^', 'WRF2GFS81^', 'WRF2GFS27^', 'WRF2GFS9^', 'WRF4RDPS9^', 'WRF4RDPS3^', 'WRF4RDPS1^', 'MPAS25g1^', 'MPAS25g2^', 'ENS (short range)^', 'ENS (low-res)^', 'ENS (high-res)^', 'ENS (long range)^']
Now on.. MM5_g2   SFCTC
Now on.. MM5_g3   SFCTC
Now on.. MM5_g4   SFCTC
Now on.. MM5G_g2   SFCTC
Now on.. MM5G_g3   SFCTC
Now on.. MM5G_g4   SFCTC
Now on.. MM5G_g5   SFCTC
Now on.. WRF3GEM_g2   SFCTC
Now on.. WRF3GEM_g3   SFCTC
Now on.. WRF3GEM_g4   SFCTC
Now on.. WRF3NAM_g2   SFCTC
Now on.. WRF3NAM_g3   SFCTC
Now on.. WRF3NAM_g4   SFCTC
Now on.. WRF3GFS_g2   SFCTC
Now on.. WRF3GFS_g3   SFCTC
Now on.. WRF3GFS_g4   SFCTC
Now on.. WRF3GFS_g5   SFCTC
Now on.. WRF3NAVGEM_g2   SFCTC
Now on.. WRF3NAVGEM_g3   SFCTC
Now on.. WRF3NAVGEM_g4   SFCTC
Now on.. WRF3GFSgc01_g2   SFCTC
Now on.. WRF3GFSgc01_g3   SFCTC
Now on.. WRF3ARPEGE_g2   SFCTC
Now on.. WRF3ARPEGE_g3   SFCTC
Now on.. WRF4ICON_g2   SFCTC
Now on.. WRF4ICON_g3   SFCTC
Now on.. WRF4NAM_g2   SFCTC
Now on.. WRF4NAM_g3   SFCTC
Now on.. WRF4NAM_g4   SFCTC
Now on.. NMM3NAM_g2   SFCTC
Now on.. NMM3NAM_g3   SFCTC
Now on.. NMM3NAM_g4   SFCTC
Now on.. NMM3GFS_g2   SFCTC
Now on.. NMM3GFS_g3   SFCTC
Now on.. WRF2NAM_g1   SFCTC
Now on.. WRF2NAM_g2   SFCTC
Now on.. WRF2NAM_g3   SFCTC
Now on.. WRF2NAM81_g1   SFCTC
Now on.. WRF2NAM81_g2   SFCTC
Now on.. WRF2NAM81_g3   SFCTC
Now on.. WRF2GFS_g1   SFCTC
Now on.. WRF2GFS_g2   SFCTC
Now on.. WRF2GFS_g3   SFCTC
Now on.. WRF2GFS81_g1   SFCTC
Now on.. WRF2GFS81_g2   SFCTC
Now on.. WRF2GFS81_g3   SFCTC
Now on.. WRF4RDPS_g3   SFCTC
Now on.. WRF4RDPS_g4   SFCTC
Now on.. WRF4RDPS_g5   SFCTC
Now on.. MPAS25_g1   SFCTC
Now on.. MPAS25_g2   SFCTC
Now on.. ENS   SFCTC
Now on.. ENS_lr   SFCTC
Now on.. ENS_hr   SFCTC
Now on.. ENS_LR   SFCTC
SFCTC
[1.496, 1.688, 1.669, 1.686, 2.018, 3.217, 4.964, 2.01, 1.55, 2.519, 3.4, 4.882, 5.286, 1.815, 1.505, 1.635, 1.645, 3.468, 1.73, 1.388, 2.657, 5.092, 1.456, 1.174, 1.598, 1.513, 2.024, 1.636, 1.467, 2.468, 2.077, 2.298, 1.887, 1.54, 1.581, 2.631, 2.245, 2.489, 1.976, 1.586, 1.588, 1.349, 3.1, 2.076, 1.832, 1.445, 1.546, 1.56, 1.66]
['MM5GFS36^', 'MM5GFS12^', 'MM5GFS4^', 'MM5GFS1.3^', 'WRF3GEM36^', 'WRF3GEM12^', 'WRF3GEM4^', 'WRF3NAM36^', 'WRF3NAM12^', 'WRF3GFS36^', 'WRF3GFS12^', 'WRF3GFS4^', 'WRF3GFS1.3^', 'WRF3NAVGEM36^', 'WRF3NAVGEM12^', 'WRF3NAVGEM4^', 'WRF3GFSgc27^', 'WRF3GFSgc9^', 'WRF3ARPEGE27^', 'WRF3ARPEGE9^', 'WRF4ICON27^', 'WRF4ICON9^', 'WRF4NAM36^', 'WRF4NAM12^', 'NMM3NAM36^', 'NMM3NAM12^', 'NMM3NAM4^', 'NMM3GFS36^', 'NMM3GFS12^', 'WRF2NAM108^', 'WRF2NAM36^', 'WRF2NAM12^', 'WRF2NAM81^', 'WRF2NAM27^', 'WRF2NAM9^', 'WRF2GFS108^', 'WRF2GFS36^', 'WRF2GFS12^', 'WRF2GFS81^', 'WRF2GFS27^', 'WRF2GFS9^', 'WRF4RDPS9^', 'WRF4RDPS3^', 'MPAS25g1^', 'MPAS25g2^', 'ENS (short range)^', 'ENS (low-res)^', 'ENS (high-res)^', 'ENS (long range)^']
Now on.. MM5_g2   SFCTC
Now on.. MM5_g3   SFCTC
Now on.. MM5_g4   SFCTC
Now on.. MM5G_g2   SFCTC
Now on.. MM5G_g3   SFCTC
Now on.. MM5G_g4   SFCTC
Now on.. MM5G_g5   SFCTC
Now on.. WRF3GEM_g2   SFCTC
Now on.. WRF3GEM_g3   SFCTC
Now on.. WRF3GEM_g4   SFCTC
Now on.. WRF3NAM_g2   SFCTC
Now on.. WRF3NAM_g3   SFCTC
Now on.. WRF3NAM_g4   SFCTC
Now on.. WRF3GFS_g2   SFCTC
Now on.. WRF3GFS_g3   SFCTC
Now on.. WRF3GFS_g4   SFCTC
Now on.. WRF3GFS_g5   SFCTC
Now on.. WRF3NAVGEM_g2   SFCTC
Now on.. WRF3NAVGEM_g3   SFCTC
Now on.. WRF3NAVGEM_g4   SFCTC
Now on.. WRF3GFSgc01_g2   SFCTC
Now on.. WRF3GFSgc01_g3   SFCTC
Now on.. WRF3ARPEGE_g2   SFCTC
Now on.. WRF3ARPEGE_g3   SFCTC
Now on.. WRF4ICON_g2   SFCTC
Now on.. WRF4ICON_g3   SFCTC
Now on.. WRF4NAM_g2   SFCTC
Now on.. WRF4NAM_g3   SFCTC
Now on.. WRF4NAM_g4   SFCTC
Now on.. NMM3NAM_g2   SFCTC
Now on.. NMM3NAM_g3   SFCTC
Now on.. NMM3NAM_g4   SFCTC
Now on.. NMM3GFS_g2   SFCTC
Now on.. NMM3GFS_g3   SFCTC
Now on.. WRF2NAM_g1   SFCTC
Now on.. WRF2NAM_g2   SFCTC
Now on.. WRF2NAM_g3   SFCTC
Now on.. WRF2NAM81_g1   SFCTC
Now on.. WRF2NAM81_g2   SFCTC
Now on.. WRF2NAM81_g3   SFCTC
Now on.. WRF2GFS_g1   SFCTC
Now on.. WRF2GFS_g2   SFCTC
Now on.. WRF2GFS_g3   SFCTC
Now on.. WRF2GFS81_g1   SFCTC
Now on.. WRF2GFS81_g2   SFCTC
Now on.. WRF2GFS81_g3   SFCTC
Now on.. WRF4RDPS_g3   SFCTC
Now on.. WRF4RDPS_g4   SFCTC
Now on.. WRF4RDPS_g5   SFCTC
Now on.. MPAS25_g1   SFCTC
Now on.. MPAS25_g2   SFCTC
Now on.. ENS   SFCTC
Now on.. ENS_lr   SFCTC
Now on.. ENS_hr   SFCTC
Now on.. ENS_LR   SFCTC
SFCTC
[2.293, 3.363, 2.827, 3.607, 2.118, 1.766, 1.814, 3.482, 2.373, 4.962, 2.078, 1.874, 2.788, 2.44, 2.76, 2.27, 1.89, 1.947, 2.964, 2.713, 1.762, 1.833, 1.913]
['WRF3GEM36^', 'WRF3GEM12^', 'WRF3GFS36^', 'WRF3GFS12^', 'WRF3NAVGEM36^', 'WRF3NAVGEM12^', 'WRF3GFSgc27^', 'WRF3GFSgc9^', 'WRF4ICON27^', 'WRF4ICON9^', 'NMM3GFS36^', 'NMM3GFS12^', 'WRF2GFS108^', 'WRF2GFS36^', 'WRF2GFS12^', 'WRF2GFS81^', 'WRF2GFS27^', 'WRF2GFS9^', 'MPAS25g1^', 'MPAS25g2^', 'ENS (short range)^', 'ENS (low-res)^', 'ENS (long range)^']
Now on.. MM5_g2   SFCTC
Now on.. MM5_g3   SFCTC
Now on.. MM5_g4   SFCTC
Now on.. MM5G_g2   SFCTC
Now on.. MM5G_g3   SFCTC
Now on.. MM5G_g4   SFCTC
Now on.. MM5G_g5   SFCTC
Now on.. WRF3GEM_g2   SFCTC
Now on.. WRF3GEM_g3   SFCTC
Now on.. WRF3GEM_g4   SFCTC
Now on.. WRF3NAM_g2   SFCTC
Now on.. WRF3NAM_g3   SFCTC
Now on.. WRF3NAM_g4   SFCTC
Now on.. WRF3GFS_g2   SFCTC
Now on.. WRF3GFS_g3   SFCTC
Now on.. WRF3GFS_g4   SFCTC
Now on.. WRF3GFS_g5   SFCTC
Now on.. WRF3NAVGEM_g2   SFCTC
Now on.. WRF3NAVGEM_g3   SFCTC
Now on.. WRF3NAVGEM_g4   SFCTC
Now on.. WRF3GFSgc01_g2   SFCTC
Now on.. WRF3GFSgc01_g3   SFCTC
Now on.. WRF3ARPEGE_g2   SFCTC
Now on.. WRF3ARPEGE_g3   SFCTC
Now on.. WRF4ICON_g2   SFCTC
Now on.. WRF4ICON_g3   SFCTC
Now on.. WRF4NAM_g2   SFCTC
Now on.. WRF4NAM_g3   SFCTC
Now on.. WRF4NAM_g4   SFCTC
Now on.. NMM3NAM_g2   SFCTC
Now on.. NMM3NAM_g3   SFCTC
Now on.. NMM3NAM_g4   SFCTC
Now on.. NMM3GFS_g2   SFCTC
Now on.. NMM3GFS_g3   SFCTC
Now on.. WRF2NAM_g1   SFCTC
Now on.. WRF2NAM_g2   SFCTC
Now on.. WRF2NAM_g3   SFCTC
Now on.. WRF2NAM81_g1   SFCTC
Now on.. WRF2NAM81_g2   SFCTC
Now on.. WRF2NAM81_g3   SFCTC
Now on.. WRF2GFS_g1   SFCTC
Now on.. WRF2GFS_g2   SFCTC
Now on.. WRF2GFS_g3   SFCTC
Now on.. WRF2GFS81_g1   SFCTC
Now on.. WRF2GFS81_g2   SFCTC
Now on.. WRF2GFS81_g3   SFCTC
Now on.. WRF4RDPS_g3   SFCTC
Now on.. WRF4RDPS_g4   SFCTC
Now on.. WRF4RDPS_g5   SFCTC
Now on.. MPAS25_g1   SFCTC
Now on.. MPAS25_g2   SFCTC
Now on.. ENS   SFCTC
Now on.. ENS_lr   SFCTC
Now on.. ENS_hr   SFCTC
Now on.. ENS_LR   SFCTC
SFCTC
[3.071, 3.802, 2.703, 3.766, 2.468, 4.866, 2.318, 2.016, 3.019, 2.624, 2.882, 2.494, 2.05, 2.02, 2.059, 2.106, 2.159]
['WRF3GFS36^', 'WRF3GFS12^', 'WRF3GFSgc27^', 'WRF3GFSgc9^', 'WRF4ICON27^', 'WRF4ICON9^', 'NMM3GFS36^', 'NMM3GFS12^', 'WRF2GFS108^', 'WRF2GFS36^', 'WRF2GFS12^', 'WRF2GFS81^', 'WRF2GFS27^', 'WRF2GFS9^', 'ENS (short range)^', 'ENS (low-res)^', 'ENS (long range)^']
Now on.. MM5_g2   SFCTC
Now on.. MM5_g3   SFCTC
Now on.. MM5_g4   SFCTC
Now on.. MM5G_g2   SFCTC
Now on.. MM5G_g3   SFCTC
Now on.. MM5G_g4   SFCTC
Now on.. MM5G_g5   SFCTC
Now on.. WRF3GEM_g2   SFCTC
Now on.. WRF3GEM_g3   SFCTC
Now on.. WRF3GEM_g4   SFCTC
Now on.. WRF3NAM_g2   SFCTC
Now on.. WRF3NAM_g3   SFCTC
Now on.. WRF3NAM_g4   SFCTC
Now on.. WRF3GFS_g2   SFCTC
Now on.. WRF3GFS_g3   SFCTC
Now on.. WRF3GFS_g4   SFCTC
Now on.. WRF3GFS_g5   SFCTC
Now on.. WRF3NAVGEM_g2   SFCTC
Now on.. WRF3NAVGEM_g3   SFCTC
Now on.. WRF3NAVGEM_g4   SFCTC
Now on.. WRF3GFSgc01_g2   SFCTC
Now on.. WRF3GFSgc01_g3   SFCTC
Now on.. WRF3ARPEGE_g2   SFCTC
Now on.. WRF3ARPEGE_g3   SFCTC
Now on.. WRF4ICON_g2   SFCTC
Now on.. WRF4ICON_g3   SFCTC
Now on.. WRF4NAM_g2   SFCTC
Now on.. WRF4NAM_g3   SFCTC
Now on.. WRF4NAM_g4   SFCTC
Now on.. NMM3NAM_g2   SFCTC
Now on.. NMM3NAM_g3   SFCTC
Now on.. NMM3NAM_g4   SFCTC
Now on.. NMM3GFS_g2   SFCTC
Now on.. NMM3GFS_g3   SFCTC
Now on.. WRF2NAM_g1   SFCTC
Now on.. WRF2NAM_g2   SFCTC
Now on.. WRF2NAM_g3   SFCTC
Now on.. WRF2NAM81_g1   SFCTC
Now on.. WRF2NAM81_g2   SFCTC
Now on.. WRF2NAM81_g3   SFCTC
Now on.. WRF2GFS_g1   SFCTC
Now on.. WRF2GFS_g2   SFCTC
Now on.. WRF2GFS_g3   SFCTC
Now on.. WRF2GFS81_g1   SFCTC
Now on.. WRF2GFS81_g2   SFCTC
Now on.. WRF2GFS81_g3   SFCTC
Now on.. WRF4RDPS_g3   SFCTC
Now on.. WRF4RDPS_g4   SFCTC
Now on.. WRF4RDPS_g5   SFCTC
Now on.. MPAS25_g1   SFCTC
Now on.. MPAS25_g2   SFCTC
Now on.. ENS   SFCTC
Now on.. ENS_lr   SFCTC
Now on.. ENS_hr   SFCTC
Now on.. ENS_LR   SFCTC
SFCTC
[1.479, 1.258, 1.35, 1.775, 1.583, 1.521, 1.512, 2.333, 3.292, 4.788, 2.025, 1.55, 1.392, 2.775, 3.521, 4.671, 5.079, 2.358, 1.921, 1.804, 2.462, 3.579, 2.354, 1.958, 2.525, 4.979, 1.533, 1.087, 0.95, 1.617, 1.7, 2.05, 1.858, 1.862, 2.604, 2.171, 2.004, 2.079, 1.6, 1.417, 3.258, 2.808, 2.629, 2.483, 1.954, 1.654, 1.267, 3.042, 4.438, 2.858, 2.621, 1.592, 1.767, 1.171, 2.083]
['MM5NAM36^', 'MM5NAM12^', 'MM5NAM4^', 'MM5GFS36^', 'MM5GFS12^', 'MM5GFS4^', 'MM5GFS1.3^', 'WRF3GEM36^', 'WRF3GEM12^', 'WRF3GEM4^', 'WRF3NAM36^', 'WRF3NAM12^', 'WRF3NAM4^', 'WRF3GFS36^', 'WRF3GFS12^', 'WRF3GFS4^', 'WRF3GFS1.3^', 'WRF3NAVGEM36^', 'WRF3NAVGEM12^', 'WRF3NAVGEM4^', 'WRF3GFSgc27^', 'WRF3GFSgc9^', 'WRF3ARPEGE27^', 'WRF3ARPEGE9^', 'WRF4ICON27^', 'WRF4ICON9^', 'WRF4NAM36^', 'WRF4NAM12^', 'WRF4NAM4^', 'NMM3NAM36^', 'NMM3NAM12^', 'NMM3NAM4^', 'NMM3GFS36^', 'NMM3GFS12^', 'WRF2NAM108^', 'WRF2NAM36^', 'WRF2NAM12^', 'WRF2NAM81^', 'WRF2NAM27^', 'WRF2NAM9^', 'WRF2GFS108^', 'WRF2GFS36^', 'WRF2GFS12^', 'WRF2GFS81^', 'WRF2GFS27^', 'WRF2GFS9^', 'WRF4RDPS9^', 'WRF4RDPS3^', 'WRF4RDPS1^', 'MPAS25g1^', 'MPAS25g2^', 'ENS (short range)^', 'ENS (low-res)^', 'ENS (high-res)^', 'ENS (long range)^']
Now on.. MM5_g2   SFCTC
Now on.. MM5_g3   SFCTC
Now on.. MM5_g4   SFCTC
Now on.. MM5G_g2   SFCTC
Now on.. MM5G_g3   SFCTC
Now on.. MM5G_g4   SFCTC
Now on.. MM5G_g5   SFCTC
Now on.. WRF3GEM_g2   SFCTC
Now on.. WRF3GEM_g3   SFCTC
Now on.. WRF3GEM_g4   SFCTC
Now on.. WRF3NAM_g2   SFCTC
Now on.. WRF3NAM_g3   SFCTC
Now on.. WRF3NAM_g4   SFCTC
Now on.. WRF3GFS_g2   SFCTC
Now on.. WRF3GFS_g3   SFCTC
Now on.. WRF3GFS_g4   SFCTC
Now on.. WRF3GFS_g5   SFCTC
Now on.. WRF3NAVGEM_g2   SFCTC
Now on.. WRF3NAVGEM_g3   SFCTC
Now on.. WRF3NAVGEM_g4   SFCTC
Now on.. WRF3GFSgc01_g2   SFCTC
Now on.. WRF3GFSgc01_g3   SFCTC
Now on.. WRF3ARPEGE_g2   SFCTC
Now on.. WRF3ARPEGE_g3   SFCTC
Now on.. WRF4ICON_g2   SFCTC
Now on.. WRF4ICON_g3   SFCTC
Now on.. WRF4NAM_g2   SFCTC
Now on.. WRF4NAM_g3   SFCTC
Now on.. WRF4NAM_g4   SFCTC
Now on.. NMM3NAM_g2   SFCTC
Now on.. NMM3NAM_g3   SFCTC
Now on.. NMM3NAM_g4   SFCTC
Now on.. NMM3GFS_g2   SFCTC
Now on.. NMM3GFS_g3   SFCTC
Now on.. WRF2NAM_g1   SFCTC
Now on.. WRF2NAM_g2   SFCTC
Now on.. WRF2NAM_g3   SFCTC
Now on.. WRF2NAM81_g1   SFCTC
Now on.. WRF2NAM81_g2   SFCTC
Now on.. WRF2NAM81_g3   SFCTC
Now on.. WRF2GFS_g1   SFCTC
Now on.. WRF2GFS_g2   SFCTC
Now on.. WRF2GFS_g3   SFCTC
Now on.. WRF2GFS81_g1   SFCTC
Now on.. WRF2GFS81_g2   SFCTC
Now on.. WRF2GFS81_g3   SFCTC
Now on.. WRF4RDPS_g3   SFCTC
Now on.. WRF4RDPS_g4   SFCTC
Now on.. WRF4RDPS_g5   SFCTC
Now on.. MPAS25_g1   SFCTC
Now on.. MPAS25_g2   SFCTC
Now on.. ENS   SFCTC
Now on.. ENS_lr   SFCTC
Now on.. ENS_hr   SFCTC
Now on.. ENS_LR   SFCTC
SFCTC
[1.321, 1.617, 2.221, 1.175, 1.312, 1.512, 1.6, 1.483, 2.971, 4.817, 1.525, 1.237, 1.296, 2.012, 3.0, 4.679, 5.008, 1.275, 1.237, 1.483, 1.175, 3.479, 1.171, 1.217, 2.9, 5.446, 1.017, 1.029, 1.375, 1.192, 1.204, 1.479, 1.167, 1.058, 1.912, 1.679, 1.846, 1.296, 1.096, 1.079, 1.979, 1.737, 1.992, 1.404, 1.179, 1.171, 1.408, 2.821, 4.296, 1.221, 1.004, 1.017, 1.092, 1.35, 1.179]
['MM5NAM36^', 'MM5NAM12^', 'MM5NAM4^', 'MM5GFS36^', 'MM5GFS12^', 'MM5GFS4^', 'MM5GFS1.3^', 'WRF3GEM36^', 'WRF3GEM12^', 'WRF3GEM4^', 'WRF3NAM36^', 'WRF3NAM12^', 'WRF3NAM4^', 'WRF3GFS36^', 'WRF3GFS12^', 'WRF3GFS4^', 'WRF3GFS1.3^', 'WRF3NAVGEM36^', 'WRF3NAVGEM12^', 'WRF3NAVGEM4^', 'WRF3GFSgc27^', 'WRF3GFSgc9^', 'WRF3ARPEGE27^', 'WRF3ARPEGE9^', 'WRF4ICON27^', 'WRF4ICON9^', 'WRF4NAM36^', 'WRF4NAM12^', 'WRF4NAM4^', 'NMM3NAM36^', 'NMM3NAM12^', 'NMM3NAM4^', 'NMM3GFS36^', 'NMM3GFS12^', 'WRF2NAM108^', 'WRF2NAM36^', 'WRF2NAM12^', 'WRF2NAM81^', 'WRF2NAM27^', 'WRF2NAM9^', 'WRF2GFS108^', 'WRF2GFS36^', 'WRF2GFS12^', 'WRF2GFS81^', 'WRF2GFS27^', 'WRF2GFS9^', 'WRF4RDPS9^', 'WRF4RDPS3^', 'WRF4RDPS1^', 'MPAS25g1^', 'MPAS25g2^', 'ENS (short range)^', 'ENS (low-res)^', 'ENS (high-res)^', 'ENS (long range)^']
Now on.. MM5_g2   SFCTC
Now on.. MM5_g3   SFCTC
Now on.. MM5_g4   SFCTC
Now on.. MM5G_g2   SFCTC
Now on.. MM5G_g3   SFCTC
Now on.. MM5G_g4   SFCTC
Now on.. MM5G_g5   SFCTC
Now on.. WRF3GEM_g2   SFCTC
Now on.. WRF3GEM_g3   SFCTC
Now on.. WRF3GEM_g4   SFCTC
Now on.. WRF3NAM_g2   SFCTC
Now on.. WRF3NAM_g3   SFCTC
Now on.. WRF3NAM_g4   SFCTC
Now on.. WRF3GFS_g2   SFCTC
Now on.. WRF3GFS_g3   SFCTC
Now on.. WRF3GFS_g4   SFCTC
Now on.. WRF3GFS_g5   SFCTC
Now on.. WRF3NAVGEM_g2   SFCTC
Now on.. WRF3NAVGEM_g3   SFCTC
Now on.. WRF3NAVGEM_g4   SFCTC
Now on.. WRF3GFSgc01_g2   SFCTC
Now on.. WRF3GFSgc01_g3   SFCTC
Now on.. WRF3ARPEGE_g2   SFCTC
Now on.. WRF3ARPEGE_g3   SFCTC
Now on.. WRF4ICON_g2   SFCTC
Now on.. WRF4ICON_g3   SFCTC
Now on.. WRF4NAM_g2   SFCTC
Now on.. WRF4NAM_g3   SFCTC
Now on.. WRF4NAM_g4   SFCTC
Now on.. NMM3NAM_g2   SFCTC
Now on.. NMM3NAM_g3   SFCTC
Now on.. NMM3NAM_g4   SFCTC
Now on.. NMM3GFS_g2   SFCTC
Now on.. NMM3GFS_g3   SFCTC
Now on.. WRF2NAM_g1   SFCTC
Now on.. WRF2NAM_g2   SFCTC
Now on.. WRF2NAM_g3   SFCTC
Now on.. WRF2NAM81_g1   SFCTC
Now on.. WRF2NAM81_g2   SFCTC
Now on.. WRF2NAM81_g3   SFCTC
Now on.. WRF2GFS_g1   SFCTC
Now on.. WRF2GFS_g2   SFCTC
Now on.. WRF2GFS_g3   SFCTC
Now on.. WRF2GFS81_g1   SFCTC
Now on.. WRF2GFS81_g2   SFCTC
Now on.. WRF2GFS81_g3   SFCTC
Now on.. WRF4RDPS_g3   SFCTC
Now on.. WRF4RDPS_g4   SFCTC
Now on.. WRF4RDPS_g5   SFCTC
Now on.. MPAS25_g1   SFCTC
Now on.. MPAS25_g2   SFCTC
Now on.. ENS   SFCTC
Now on.. ENS_lr   SFCTC
Now on.. ENS_hr   SFCTC
Now on.. ENS_LR   SFCTC
SFCTC
[1.471, 1.863, 1.983, 1.792, 1.771, 2.887, 4.992, 1.887, 1.517, 2.275, 3.133, 4.958, 5.413, 1.638, 1.475, 1.754, 1.092, 3.117, 1.2, 0.812, 2.458, 4.896, 1.383, 1.229, 1.721, 1.55, 1.946, 1.687, 1.483, 2.167, 1.812, 2.146, 1.638, 1.433, 1.6, 2.146, 1.8, 2.188, 1.658, 1.4, 1.567, 1.492, 2.988, 1.758, 1.513, 1.313, 1.35, 1.904, 1.325]
['MM5GFS36^', 'MM5GFS12^', 'MM5GFS4^', 'MM5GFS1.3^', 'WRF3GEM36^', 'WRF3GEM12^', 'WRF3GEM4^', 'WRF3NAM36^', 'WRF3NAM12^', 'WRF3GFS36^', 'WRF3GFS12^', 'WRF3GFS4^', 'WRF3GFS1.3^', 'WRF3NAVGEM36^', 'WRF3NAVGEM12^', 'WRF3NAVGEM4^', 'WRF3GFSgc27^', 'WRF3GFSgc9^', 'WRF3ARPEGE27^', 'WRF3ARPEGE9^', 'WRF4ICON27^', 'WRF4ICON9^', 'WRF4NAM36^', 'WRF4NAM12^', 'NMM3NAM36^', 'NMM3NAM12^', 'NMM3NAM4^', 'NMM3GFS36^', 'NMM3GFS12^', 'WRF2NAM108^', 'WRF2NAM36^', 'WRF2NAM12^', 'WRF2NAM81^', 'WRF2NAM27^', 'WRF2NAM9^', 'WRF2GFS108^', 'WRF2GFS36^', 'WRF2GFS12^', 'WRF2GFS81^', 'WRF2GFS27^', 'WRF2GFS9^', 'WRF4RDPS9^', 'WRF4RDPS3^', 'MPAS25g1^', 'MPAS25g2^', 'ENS (short range)^', 'ENS (low-res)^', 'ENS (high-res)^', 'ENS (long range)^']
Now on.. MM5_g2   SFCTC
Now on.. MM5_g3   SFCTC
Now on.. MM5_g4   SFCTC
Now on.. MM5G_g2   SFCTC
Now on.. MM5G_g3   SFCTC
Now on.. MM5G_g4   SFCTC
Now on.. MM5G_g5   SFCTC
Now on.. WRF3GEM_g2   SFCTC
Now on.. WRF3GEM_g3   SFCTC
Now on.. WRF3GEM_g4   SFCTC
Now on.. WRF3NAM_g2   SFCTC
Now on.. WRF3NAM_g3   SFCTC
Now on.. WRF3NAM_g4   SFCTC
Now on.. WRF3GFS_g2   SFCTC
Now on.. WRF3GFS_g3   SFCTC
Now on.. WRF3GFS_g4   SFCTC
Now on.. WRF3GFS_g5   SFCTC
Now on.. WRF3NAVGEM_g2   SFCTC
Now on.. WRF3NAVGEM_g3   SFCTC
Now on.. WRF3NAVGEM_g4   SFCTC
Now on.. WRF3GFSgc01_g2   SFCTC
Now on.. WRF3GFSgc01_g3   SFCTC
Now on.. WRF3ARPEGE_g2   SFCTC
Now on.. WRF3ARPEGE_g3   SFCTC
Now on.. WRF4ICON_g2   SFCTC
Now on.. WRF4ICON_g3   SFCTC
Now on.. WRF4NAM_g2   SFCTC
Now on.. WRF4NAM_g3   SFCTC
Now on.. WRF4NAM_g4   SFCTC
Now on.. NMM3NAM_g2   SFCTC
Now on.. NMM3NAM_g3   SFCTC
Now on.. NMM3NAM_g4   SFCTC
Now on.. NMM3GFS_g2   SFCTC
Now on.. NMM3GFS_g3   SFCTC
Now on.. WRF2NAM_g1   SFCTC
Now on.. WRF2NAM_g2   SFCTC
Now on.. WRF2NAM_g3   SFCTC
Now on.. WRF2NAM81_g1   SFCTC
Now on.. WRF2NAM81_g2   SFCTC
Now on.. WRF2NAM81_g3   SFCTC
Now on.. WRF2GFS_g1   SFCTC
Now on.. WRF2GFS_g2   SFCTC
Now on.. WRF2GFS_g3   SFCTC
Now on.. WRF2GFS81_g1   SFCTC
Now on.. WRF2GFS81_g2   SFCTC
Now on.. WRF2GFS81_g3   SFCTC
Now on.. WRF4RDPS_g3   SFCTC
Now on.. WRF4RDPS_g4   SFCTC
Now on.. WRF4RDPS_g5   SFCTC
Now on.. MPAS25_g1   SFCTC
Now on.. MPAS25_g2   SFCTC
Now on.. ENS   SFCTC
Now on.. ENS_lr   SFCTC
Now on.. ENS_hr   SFCTC
Now on.. ENS_LR   SFCTC
SFCTC
[2.821, 3.446, 3.212, 3.846, 2.25, 1.725, 1.817, 3.438, 2.608, 1.971, 1.958, 4.629, 2.421, 2.004, 3.179, 2.733, 3.479, 2.7, 2.137, 2.492, 3.404, 3.146, 2.175, 2.242, 2.258]
['WRF3GEM36^', 'WRF3GEM12^', 'WRF3GFS36^', 'WRF3GFS12^', 'WRF3NAVGEM36^', 'WRF3NAVGEM12^', 'WRF3GFSgc27^', 'WRF3GFSgc9^', 'WRF3ARPEGE27^', 'WRF3ARPEGE9^', 'WRF4ICON27^', 'WRF4ICON9^', 'NMM3GFS36^', 'NMM3GFS12^', 'WRF2GFS108^', 'WRF2GFS36^', 'WRF2GFS12^', 'WRF2GFS81^', 'WRF2GFS27^', 'WRF2GFS9^', 'MPAS25g1^', 'MPAS25g2^', 'ENS (short range)^', 'ENS (low-res)^', 'ENS (long range)^']
Now on.. MM5_g2   SFCTC
Now on.. MM5_g3   SFCTC
Now on.. MM5_g4   SFCTC
Now on.. MM5G_g2   SFCTC
Now on.. MM5G_g3   SFCTC
Now on.. MM5G_g4   SFCTC
Now on.. MM5G_g5   SFCTC
Now on.. WRF3GEM_g2   SFCTC
Now on.. WRF3GEM_g3   SFCTC
Now on.. WRF3GEM_g4   SFCTC
Now on.. WRF3NAM_g2   SFCTC
Now on.. WRF3NAM_g3   SFCTC
Now on.. WRF3NAM_g4   SFCTC
Now on.. WRF3GFS_g2   SFCTC
Now on.. WRF3GFS_g3   SFCTC
Now on.. WRF3GFS_g4   SFCTC
Now on.. WRF3GFS_g5   SFCTC
Now on.. WRF3NAVGEM_g2   SFCTC
Now on.. WRF3NAVGEM_g3   SFCTC
Now on.. WRF3NAVGEM_g4   SFCTC
Now on.. WRF3GFSgc01_g2   SFCTC
Now on.. WRF3GFSgc01_g3   SFCTC
Now on.. WRF3ARPEGE_g2   SFCTC
Now on.. WRF3ARPEGE_g3   SFCTC
Now on.. WRF4ICON_g2   SFCTC
Now on.. WRF4ICON_g3   SFCTC
Now on.. WRF4NAM_g2   SFCTC
Now on.. WRF4NAM_g3   SFCTC
Now on.. WRF4NAM_g4   SFCTC
Now on.. NMM3NAM_g2   SFCTC
Now on.. NMM3NAM_g3   SFCTC
Now on.. NMM3NAM_g4   SFCTC
Now on.. NMM3GFS_g2   SFCTC
Now on.. NMM3GFS_g3   SFCTC
Now on.. WRF2NAM_g1   SFCTC
Now on.. WRF2NAM_g2   SFCTC
Now on.. WRF2NAM_g3   SFCTC
Now on.. WRF2NAM81_g1   SFCTC
Now on.. WRF2NAM81_g2   SFCTC
Now on.. WRF2NAM81_g3   SFCTC
Now on.. WRF2GFS_g1   SFCTC
Now on.. WRF2GFS_g2   SFCTC
Now on.. WRF2GFS_g3   SFCTC
Now on.. WRF2GFS81_g1   SFCTC
Now on.. WRF2GFS81_g2   SFCTC
Now on.. WRF2GFS81_g3   SFCTC
Now on.. WRF4RDPS_g3   SFCTC
Now on.. WRF4RDPS_g4   SFCTC
Now on.. WRF4RDPS_g5   SFCTC
Now on.. MPAS25_g1   SFCTC
Now on.. MPAS25_g2   SFCTC
Now on.. ENS   SFCTC
Now on.. ENS_lr   SFCTC
Now on.. ENS_hr   SFCTC
Now on.. ENS_LR   SFCTC
SFCTC
[3.058, 4.221, 3.858, 4.538, 3.067, 2.471, 2.525, 3.8, 2.021, 4.858, 3.258, 2.962, 3.379, 3.121, 3.513, 3.104, 2.779, 2.85, 5.579, 5.283, 2.717, 2.717, 2.717]
['WRF3GEM36^', 'WRF3GEM12^', 'WRF3GFS36^', 'WRF3GFS12^', 'WRF3NAVGEM36^', 'WRF3NAVGEM12^', 'WRF3GFSgc27^', 'WRF3GFSgc9^', 'WRF4ICON27^', 'WRF4ICON9^', 'NMM3GFS36^', 'NMM3GFS12^', 'WRF2GFS108^', 'WRF2GFS36^', 'WRF2GFS12^', 'WRF2GFS81^', 'WRF2GFS27^', 'WRF2GFS9^', 'MPAS25g1^', 'MPAS25g2^', 'ENS (short range)^', 'ENS (low-res)^', 'ENS (long range)^']
Now on.. MM5_g2   SFCTC
Now on.. MM5_g3   SFCTC
Now on.. MM5_g4   SFCTC
Now on.. MM5G_g2   SFCTC
Now on.. MM5G_g3   SFCTC
Now on.. MM5G_g4   SFCTC
Now on.. MM5G_g5   SFCTC
Now on.. WRF3GEM_g2   SFCTC
Now on.. WRF3GEM_g3   SFCTC
Now on.. WRF3GEM_g4   SFCTC
Now on.. WRF3NAM_g2   SFCTC
Now on.. WRF3NAM_g3   SFCTC
Now on.. WRF3NAM_g4   SFCTC
Now on.. WRF3GFS_g2   SFCTC
Now on.. WRF3GFS_g3   SFCTC
Now on.. WRF3GFS_g4   SFCTC
Now on.. WRF3GFS_g5   SFCTC
Now on.. WRF3NAVGEM_g2   SFCTC
Now on.. WRF3NAVGEM_g3   SFCTC
Now on.. WRF3NAVGEM_g4   SFCTC
Now on.. WRF3GFSgc01_g2   SFCTC
Now on.. WRF3GFSgc01_g3   SFCTC
Now on.. WRF3ARPEGE_g2   SFCTC
Now on.. WRF3ARPEGE_g3   SFCTC
Now on.. WRF4ICON_g2   SFCTC
Now on.. WRF4ICON_g3   SFCTC
Now on.. WRF4NAM_g2   SFCTC
Now on.. WRF4NAM_g3   SFCTC
Now on.. WRF4NAM_g4   SFCTC
Now on.. NMM3NAM_g2   SFCTC
Now on.. NMM3NAM_g3   SFCTC
Now on.. NMM3NAM_g4   SFCTC
Now on.. NMM3GFS_g2   SFCTC
Now on.. NMM3GFS_g3   SFCTC
Now on.. WRF2NAM_g1   SFCTC
Now on.. WRF2NAM_g2   SFCTC
Now on.. WRF2NAM_g3   SFCTC
Now on.. WRF2NAM81_g1   SFCTC
Now on.. WRF2NAM81_g2   SFCTC
Now on.. WRF2NAM81_g3   SFCTC
Now on.. WRF2GFS_g1   SFCTC
Now on.. WRF2GFS_g2   SFCTC
Now on.. WRF2GFS_g3   SFCTC
Now on.. WRF2GFS81_g1   SFCTC
Now on.. WRF2GFS81_g2   SFCTC
Now on.. WRF2GFS81_g3   SFCTC
Now on.. WRF4RDPS_g3   SFCTC
Now on.. WRF4RDPS_g4   SFCTC
Now on.. WRF4RDPS_g5   SFCTC
Now on.. MPAS25_g1   SFCTC
Now on.. MPAS25_g2   SFCTC
Now on.. ENS   SFCTC
Now on.. ENS_lr   SFCTC
Now on.. ENS_hr   SFCTC
Now on.. ENS_LR   SFCTC
SFCTC
[3.317, 4.279, 3.875, 4.079, 2.137, 3.625, 2.342, 4.917, 3.433, 2.975, 3.629, 3.171, 3.554, 3.121, 2.575, 2.613, 2.842, 2.842, 2.842]
['WRF3GEM36^', 'WRF3GEM12^', 'WRF3GFS36^', 'WRF3GFS12^', 'WRF3GFSgc27^', 'WRF3GFSgc9^', 'WRF4ICON27^', 'WRF4ICON9^', 'NMM3GFS36^', 'NMM3GFS12^', 'WRF2GFS108^', 'WRF2GFS36^', 'WRF2GFS12^', 'WRF2GFS81^', 'WRF2GFS27^', 'WRF2GFS9^', 'ENS (short range)^', 'ENS (low-res)^', 'ENS (long range)^']
Now on.. MM5_g2   SFCTC
Now on.. MM5_g3   SFCTC
Now on.. MM5_g4   SFCTC
Now on.. MM5G_g2   SFCTC
Now on.. MM5G_g3   SFCTC
Now on.. MM5G_g4   SFCTC
Now on.. MM5G_g5   SFCTC
Now on.. WRF3GEM_g2   SFCTC
Now on.. WRF3GEM_g3   SFCTC
Now on.. WRF3GEM_g4   SFCTC
Now on.. WRF3NAM_g2   SFCTC
Now on.. WRF3NAM_g3   SFCTC
Now on.. WRF3NAM_g4   SFCTC
Now on.. WRF3GFS_g2   SFCTC
Now on.. WRF3GFS_g3   SFCTC
Now on.. WRF3GFS_g4   SFCTC
Now on.. WRF3GFS_g5   SFCTC
Now on.. WRF3NAVGEM_g2   SFCTC
Now on.. WRF3NAVGEM_g3   SFCTC
Now on.. WRF3NAVGEM_g4   SFCTC
Now on.. WRF3GFSgc01_g2   SFCTC
Now on.. WRF3GFSgc01_g3   SFCTC
Now on.. WRF3ARPEGE_g2   SFCTC
Now on.. WRF3ARPEGE_g3   SFCTC
Now on.. WRF4ICON_g2   SFCTC
Now on.. WRF4ICON_g3   SFCTC
Now on.. WRF4NAM_g2   SFCTC
Now on.. WRF4NAM_g3   SFCTC
Now on.. WRF4NAM_g4   SFCTC
Now on.. NMM3NAM_g2   SFCTC
Now on.. NMM3NAM_g3   SFCTC
Now on.. NMM3NAM_g4   SFCTC
Now on.. NMM3GFS_g2   SFCTC
Now on.. NMM3GFS_g3   SFCTC
Now on.. WRF2NAM_g1   SFCTC
Now on.. WRF2NAM_g2   SFCTC
Now on.. WRF2NAM_g3   SFCTC
Now on.. WRF2NAM81_g1   SFCTC
Now on.. WRF2NAM81_g2   SFCTC
Now on.. WRF2NAM81_g3   SFCTC
Now on.. WRF2GFS_g1   SFCTC
Now on.. WRF2GFS_g2   SFCTC
Now on.. WRF2GFS_g3   SFCTC
Now on.. WRF2GFS81_g1   SFCTC
Now on.. WRF2GFS81_g2   SFCTC
Now on.. WRF2GFS81_g3   SFCTC
Now on.. WRF4RDPS_g3   SFCTC
Now on.. WRF4RDPS_g4   SFCTC
Now on.. WRF4RDPS_g5   SFCTC
Now on.. MPAS25_g1   SFCTC
Now on.. MPAS25_g2   SFCTC
Now on.. ENS   SFCTC
Now on.. ENS_lr   SFCTC
Now on.. ENS_hr   SFCTC
Now on.. ENS_LR   SFCTC
SFCTC
[3.462, 5.021, 2.979, 4.163, 5.862, 6.008, 3.304, 5.213, 2.171, 1.742, 3.05, 2.658, 2.617, 2.633, 2.15, 1.879, 2.521, 2.521, 2.521]
['WRF3GEM36^', 'WRF3GEM12^', 'WRF3GFS36^', 'WRF3GFS12^', 'WRF3GFSgc27^', 'WRF3GFSgc9^', 'WRF4ICON27^', 'WRF4ICON9^', 'NMM3GFS36^', 'NMM3GFS12^', 'WRF2GFS108^', 'WRF2GFS36^', 'WRF2GFS12^', 'WRF2GFS81^', 'WRF2GFS27^', 'WRF2GFS9^', 'ENS (short range)^', 'ENS (low-res)^', 'ENS (long range)^']
Now on.. MM5_g2   PCPTOT
Now on.. MM5_g3   PCPTOT
Now on.. MM5_g4   PCPTOT
Now on.. MM5G_g2   PCPTOT
Now on.. MM5G_g3   PCPTOT
Now on.. MM5G_g4   PCPTOT
Now on.. MM5G_g5   PCPTOT
Now on.. WRF3GEM_g2   PCPTOT
Now on.. WRF3GEM_g3   PCPTOT
Now on.. WRF3GEM_g4   PCPTOT
Now on.. WRF3NAM_g2   PCPTOT
Now on.. WRF3NAM_g3   PCPTOT
Now on.. WRF3NAM_g4   PCPTOT
Now on.. WRF3GFS_g2   PCPTOT
Now on.. WRF3GFS_g3   PCPTOT
Now on.. WRF3GFS_g4   PCPTOT
Now on.. WRF3GFS_g5   PCPTOT
Now on.. WRF3NAVGEM_g2   PCPTOT
Now on.. WRF3NAVGEM_g3   PCPTOT
Now on.. WRF3NAVGEM_g4   PCPTOT
Now on.. WRF3GFSgc01_g2   PCPTOT
Now on.. WRF3GFSgc01_g3   PCPTOT
Now on.. WRF3ARPEGE_g2   PCPTOT
Now on.. WRF3ARPEGE_g3   PCPTOT
Now on.. WRF4ICON_g2   PCPTOT
Now on.. WRF4ICON_g3   PCPTOT
Now on.. WRF4NAM_g2   PCPTOT
Now on.. WRF4NAM_g3   PCPTOT
Now on.. WRF4NAM_g4   PCPTOT
Now on.. NMM3NAM_g2   PCPTOT
Now on.. NMM3NAM_g3   PCPTOT
Now on.. NMM3NAM_g4   PCPTOT
Now on.. NMM3GFS_g2   PCPTOT
Now on.. NMM3GFS_g3   PCPTOT
Now on.. WRF2NAM_g1   PCPTOT
Now on.. WRF2NAM_g2   PCPTOT
Now on.. WRF2NAM_g3   PCPTOT
Now on.. WRF2NAM81_g1   PCPTOT
Now on.. WRF2NAM81_g2   PCPTOT
Now on.. WRF2NAM81_g3   PCPTOT
Now on.. WRF2GFS_g1   PCPTOT
Now on.. WRF2GFS_g2   PCPTOT
Now on.. WRF2GFS_g3   PCPTOT
Now on.. WRF2GFS81_g1   PCPTOT
Now on.. WRF2GFS81_g2   PCPTOT
Now on.. WRF2GFS81_g3   PCPTOT
Now on.. WRF4RDPS_g3   PCPTOT
Now on.. WRF4RDPS_g4   PCPTOT
Now on.. WRF4RDPS_g5   PCPTOT
Now on.. MPAS25_g1   PCPTOT
Now on.. MPAS25_g2   PCPTOT
Now on.. ENS   PCPTOT
Now on.. ENS_lr   PCPTOT
Now on.. ENS_hr   PCPTOT
Now on.. ENS_LR   PCPTOT
PCPTOT
[0.918, 0.933, 0.958, 0.997, 1.037, 0.0, 0.0, 0.95, 0.987, 1.07, 0.938, 0.957, 0.992, 0.95, 0.997, 1.08, 0.0, 0.957, 1.002, 1.07, 0.953, 0.99, 0.942, 0.992, 0.935, 0.973, 0.912, 0.915, 0.913, 0.952, 1.03, 1.042, 0.94, 1.008, 0.922, 0.952, 0.998, 0.922, 0.955, 1.0, 0.92, 0.947, 0.998, 0.917, 0.943, 0.998, 0.988, 1.008, 0.0, 0.92, 0.923, 0.917, 0.917, 0.948, 0.915]
['MM5NAM36^', 'MM5NAM12^', 'MM5NAM4^', 'MM5GFS36^', 'MM5GFS12^', 'MM5GFS4^', 'MM5GFS1.3^', 'WRF3GEM36^', 'WRF3GEM12^', 'WRF3GEM4^', 'WRF3NAM36^', 'WRF3NAM12^', 'WRF3NAM4^', 'WRF3GFS36^', 'WRF3GFS12^', 'WRF3GFS4^', 'WRF3GFS1.3^', 'WRF3NAVGEM36^', 'WRF3NAVGEM12^', 'WRF3NAVGEM4^', 'WRF3GFSgc27^', 'WRF3GFSgc9^', 'WRF3ARPEGE27^', 'WRF3ARPEGE9^', 'WRF4ICON27^', 'WRF4ICON9^', 'WRF4NAM36^', 'WRF4NAM12^', 'WRF4NAM4^', 'NMM3NAM36^', 'NMM3NAM12^', 'NMM3NAM4^', 'NMM3GFS36^', 'NMM3GFS12^', 'WRF2NAM108^', 'WRF2NAM36^', 'WRF2NAM12^', 'WRF2NAM81^', 'WRF2NAM27^', 'WRF2NAM9^', 'WRF2GFS108^', 'WRF2GFS36^', 'WRF2GFS12^', 'WRF2GFS81^', 'WRF2GFS27^', 'WRF2GFS9^', 'WRF4RDPS9^', 'WRF4RDPS3^', 'WRF4RDPS1^', 'MPAS25g1^', 'MPAS25g2^', 'ENS (short range)^', 'ENS (low-res)^', 'ENS (high-res)^', 'ENS (long range)^']
Now on.. MM5_g2   PCPTOT
Now on.. MM5_g3   PCPTOT
Now on.. MM5_g4   PCPTOT
Now on.. MM5G_g2   PCPTOT
Now on.. MM5G_g3   PCPTOT
Now on.. MM5G_g4   PCPTOT
Now on.. MM5G_g5   PCPTOT
Now on.. WRF3GEM_g2   PCPTOT
Now on.. WRF3GEM_g3   PCPTOT
Now on.. WRF3GEM_g4   PCPTOT
Now on.. WRF3NAM_g2   PCPTOT
Now on.. WRF3NAM_g3   PCPTOT
Now on.. WRF3NAM_g4   PCPTOT
Now on.. WRF3GFS_g2   PCPTOT
Now on.. WRF3GFS_g3   PCPTOT
Now on.. WRF3GFS_g4   PCPTOT
Now on.. WRF3GFS_g5   PCPTOT
Now on.. WRF3NAVGEM_g2   PCPTOT
Now on.. WRF3NAVGEM_g3   PCPTOT
Now on.. WRF3NAVGEM_g4   PCPTOT
Now on.. WRF3GFSgc01_g2   PCPTOT
Now on.. WRF3GFSgc01_g3   PCPTOT
Now on.. WRF3ARPEGE_g2   PCPTOT
Now on.. WRF3ARPEGE_g3   PCPTOT
Now on.. WRF4ICON_g2   PCPTOT
Now on.. WRF4ICON_g3   PCPTOT
Now on.. WRF4NAM_g2   PCPTOT
Now on.. WRF4NAM_g3   PCPTOT
Now on.. WRF4NAM_g4   PCPTOT
Now on.. NMM3NAM_g2   PCPTOT
Now on.. NMM3NAM_g3   PCPTOT
Now on.. NMM3NAM_g4   PCPTOT
Now on.. NMM3GFS_g2   PCPTOT
Now on.. NMM3GFS_g3   PCPTOT
Now on.. WRF2NAM_g1   PCPTOT
Now on.. WRF2NAM_g2   PCPTOT
Now on.. WRF2NAM_g3   PCPTOT
Now on.. WRF2NAM81_g1   PCPTOT
Now on.. WRF2NAM81_g2   PCPTOT
Now on.. WRF2NAM81_g3   PCPTOT
Now on.. WRF2GFS_g1   PCPTOT
Now on.. WRF2GFS_g2   PCPTOT
Now on.. WRF2GFS_g3   PCPTOT
Now on.. WRF2GFS81_g1   PCPTOT
Now on.. WRF2GFS81_g2   PCPTOT
Now on.. WRF2GFS81_g3   PCPTOT
Now on.. WRF4RDPS_g3   PCPTOT
Now on.. WRF4RDPS_g4   PCPTOT
Now on.. WRF4RDPS_g5   PCPTOT
Now on.. MPAS25_g1   PCPTOT
Now on.. MPAS25_g2   PCPTOT
Now on.. ENS   PCPTOT
Now on.. ENS_lr   PCPTOT
Now on.. ENS_hr   PCPTOT
Now on.. ENS_LR   PCPTOT
PCPTOT
[1.12, 1.174, 0.0, 0.0, 1.069, 1.111, 1.201, 1.056, 1.079, 1.069, 1.119, 1.207, 0.0, 1.068, 1.125, 1.202, 1.071, 1.117, 1.057, 1.113, 1.043, 1.095, 1.032, 1.036, 1.075, 1.15, 1.173, 1.061, 1.129, 1.036, 1.067, 1.117, 1.032, 1.074, 1.121, 1.027, 1.063, 1.119, 1.027, 1.063, 1.12, 1.114, 1.136, 1.035, 1.037, 1.035, 1.036, 1.069, 1.033]
['MM5GFS36^', 'MM5GFS12^', 'MM5GFS4^', 'MM5GFS1.3^', 'WRF3GEM36^', 'WRF3GEM12^', 'WRF3GEM4^', 'WRF3NAM36^', 'WRF3NAM12^', 'WRF3GFS36^', 'WRF3GFS12^', 'WRF3GFS4^', 'WRF3GFS1.3^', 'WRF3NAVGEM36^', 'WRF3NAVGEM12^', 'WRF3NAVGEM4^', 'WRF3GFSgc27^', 'WRF3GFSgc9^', 'WRF3ARPEGE27^', 'WRF3ARPEGE9^', 'WRF4ICON27^', 'WRF4ICON9^', 'WRF4NAM36^', 'WRF4NAM12^', 'NMM3NAM36^', 'NMM3NAM12^', 'NMM3NAM4^', 'NMM3GFS36^', 'NMM3GFS12^', 'WRF2NAM108^', 'WRF2NAM36^', 'WRF2NAM12^', 'WRF2NAM81^', 'WRF2NAM27^', 'WRF2NAM9^', 'WRF2GFS108^', 'WRF2GFS36^', 'WRF2GFS12^', 'WRF2GFS81^', 'WRF2GFS27^', 'WRF2GFS9^', 'WRF4RDPS9^', 'WRF4RDPS3^', 'MPAS25g1^', 'MPAS25g2^', 'ENS (short range)^', 'ENS (low-res)^', 'ENS (high-res)^', 'ENS (long range)^']
Now on.. MM5_g2   PCPTOT
Now on.. MM5_g3   PCPTOT
Now on.. MM5_g4   PCPTOT
Now on.. MM5G_g2   PCPTOT
Now on.. MM5G_g3   PCPTOT
Now on.. MM5G_g4   PCPTOT
Now on.. MM5G_g5   PCPTOT
Now on.. WRF3GEM_g2   PCPTOT
Now on.. WRF3GEM_g3   PCPTOT
Now on.. WRF3GEM_g4   PCPTOT
Now on.. WRF3NAM_g2   PCPTOT
Now on.. WRF3NAM_g3   PCPTOT
Now on.. WRF3NAM_g4   PCPTOT
Now on.. WRF3GFS_g2   PCPTOT
Now on.. WRF3GFS_g3   PCPTOT
Now on.. WRF3GFS_g4   PCPTOT
Now on.. WRF3GFS_g5   PCPTOT
Now on.. WRF3NAVGEM_g2   PCPTOT
Now on.. WRF3NAVGEM_g3   PCPTOT
Now on.. WRF3NAVGEM_g4   PCPTOT
Now on.. WRF3GFSgc01_g2   PCPTOT
Now on.. WRF3GFSgc01_g3   PCPTOT
Now on.. WRF3ARPEGE_g2   PCPTOT
Now on.. WRF3ARPEGE_g3   PCPTOT
Now on.. WRF4ICON_g2   PCPTOT
Now on.. WRF4ICON_g3   PCPTOT
Now on.. WRF4NAM_g2   PCPTOT
Now on.. WRF4NAM_g3   PCPTOT
Now on.. WRF4NAM_g4   PCPTOT
Now on.. NMM3NAM_g2   PCPTOT
Now on.. NMM3NAM_g3   PCPTOT
Now on.. NMM3NAM_g4   PCPTOT
Now on.. NMM3GFS_g2   PCPTOT
Now on.. NMM3GFS_g3   PCPTOT
Now on.. WRF2NAM_g1   PCPTOT
Now on.. WRF2NAM_g2   PCPTOT
Now on.. WRF2NAM_g3   PCPTOT
Now on.. WRF2NAM81_g1   PCPTOT
Now on.. WRF2NAM81_g2   PCPTOT
Now on.. WRF2NAM81_g3   PCPTOT
Now on.. WRF2GFS_g1   PCPTOT
Now on.. WRF2GFS_g2   PCPTOT
Now on.. WRF2GFS_g3   PCPTOT
Now on.. WRF2GFS81_g1   PCPTOT
Now on.. WRF2GFS81_g2   PCPTOT
Now on.. WRF2GFS81_g3   PCPTOT
Now on.. WRF4RDPS_g3   PCPTOT
Now on.. WRF4RDPS_g4   PCPTOT
Now on.. WRF4RDPS_g5   PCPTOT
Now on.. MPAS25_g1   PCPTOT
Now on.. MPAS25_g2   PCPTOT
Now on.. ENS   PCPTOT
Now on.. ENS_lr   PCPTOT
Now on.. ENS_hr   PCPTOT
Now on.. ENS_LR   PCPTOT
PCPTOT
[1.058, 1.103, 1.064, 1.113, 1.057, 1.115, 1.072, 1.111, 1.032, 1.087, 1.05, 1.127, 1.017, 1.051, 1.105, 1.018, 1.054, 1.109, 1.026, 1.028, 1.031, 1.032, 1.03]
['WRF3GEM36^', 'WRF3GEM12^', 'WRF3GFS36^', 'WRF3GFS12^', 'WRF3NAVGEM36^', 'WRF3NAVGEM12^', 'WRF3GFSgc27^', 'WRF3GFSgc9^', 'WRF4ICON27^', 'WRF4ICON9^', 'NMM3GFS36^', 'NMM3GFS12^', 'WRF2GFS108^', 'WRF2GFS36^', 'WRF2GFS12^', 'WRF2GFS81^', 'WRF2GFS27^', 'WRF2GFS9^', 'MPAS25g1^', 'MPAS25g2^', 'ENS (short range)^', 'ENS (low-res)^', 'ENS (long range)^']
Now on.. MM5_g2   PCPTOT
Now on.. MM5_g3   PCPTOT
Now on.. MM5_g4   PCPTOT
Now on.. MM5G_g2   PCPTOT
Now on.. MM5G_g3   PCPTOT
Now on.. MM5G_g4   PCPTOT
Now on.. MM5G_g5   PCPTOT
Now on.. WRF3GEM_g2   PCPTOT
Now on.. WRF3GEM_g3   PCPTOT
Now on.. WRF3GEM_g4   PCPTOT
Now on.. WRF3NAM_g2   PCPTOT
Now on.. WRF3NAM_g3   PCPTOT
Now on.. WRF3NAM_g4   PCPTOT
Now on.. WRF3GFS_g2   PCPTOT
Now on.. WRF3GFS_g3   PCPTOT
Now on.. WRF3GFS_g4   PCPTOT
Now on.. WRF3GFS_g5   PCPTOT
Now on.. WRF3NAVGEM_g2   PCPTOT
Now on.. WRF3NAVGEM_g3   PCPTOT
Now on.. WRF3NAVGEM_g4   PCPTOT
Now on.. WRF3GFSgc01_g2   PCPTOT
Now on.. WRF3GFSgc01_g3   PCPTOT
Now on.. WRF3ARPEGE_g2   PCPTOT
Now on.. WRF3ARPEGE_g3   PCPTOT
Now on.. WRF4ICON_g2   PCPTOT
Now on.. WRF4ICON_g3   PCPTOT
Now on.. WRF4NAM_g2   PCPTOT
Now on.. WRF4NAM_g3   PCPTOT
Now on.. WRF4NAM_g4   PCPTOT
Now on.. NMM3NAM_g2   PCPTOT
Now on.. NMM3NAM_g3   PCPTOT
Now on.. NMM3NAM_g4   PCPTOT
Now on.. NMM3GFS_g2   PCPTOT
Now on.. NMM3GFS_g3   PCPTOT
Now on.. WRF2NAM_g1   PCPTOT
Now on.. WRF2NAM_g2   PCPTOT
Now on.. WRF2NAM_g3   PCPTOT
Now on.. WRF2NAM81_g1   PCPTOT
Now on.. WRF2NAM81_g2   PCPTOT
Now on.. WRF2NAM81_g3   PCPTOT
Now on.. WRF2GFS_g1   PCPTOT
Now on.. WRF2GFS_g2   PCPTOT
Now on.. WRF2GFS_g3   PCPTOT
Now on.. WRF2GFS81_g1   PCPTOT
Now on.. WRF2GFS81_g2   PCPTOT
Now on.. WRF2GFS81_g3   PCPTOT
Now on.. WRF4RDPS_g3   PCPTOT
Now on.. WRF4RDPS_g4   PCPTOT
Now on.. WRF4RDPS_g5   PCPTOT
Now on.. MPAS25_g1   PCPTOT
Now on.. MPAS25_g2   PCPTOT
Now on.. ENS   PCPTOT
Now on.. ENS_lr   PCPTOT
Now on.. ENS_hr   PCPTOT
Now on.. ENS_LR   PCPTOT
PCPTOT
[0.894, 0.937, 0.9, 0.935, 0.866, 0.913, 0.888, 0.949, 0.862, 0.891, 0.933, 0.867, 0.893, 0.937, 0.87, 0.871, 0.869]
['WRF3GFS36^', 'WRF3GFS12^', 'WRF3GFSgc27^', 'WRF3GFSgc9^', 'WRF4ICON27^', 'WRF4ICON9^', 'NMM3GFS36^', 'NMM3GFS12^', 'WRF2GFS108^', 'WRF2GFS36^', 'WRF2GFS12^', 'WRF2GFS81^', 'WRF2GFS27^', 'WRF2GFS9^', 'ENS (short range)^', 'ENS (low-res)^', 'ENS (long range)^']
Now on.. MM5_g2   PCPTOT
Now on.. MM5_g3   PCPTOT
Now on.. MM5_g4   PCPTOT
Now on.. MM5G_g2   PCPTOT
Now on.. MM5G_g3   PCPTOT
Now on.. MM5G_g4   PCPTOT
Now on.. MM5G_g5   PCPTOT
Now on.. WRF3GEM_g2   PCPTOT
Now on.. WRF3GEM_g3   PCPTOT
Now on.. WRF3GEM_g4   PCPTOT
Now on.. WRF3NAM_g2   PCPTOT
Now on.. WRF3NAM_g3   PCPTOT
Now on.. WRF3NAM_g4   PCPTOT
Now on.. WRF3GFS_g2   PCPTOT
Now on.. WRF3GFS_g3   PCPTOT
Now on.. WRF3GFS_g4   PCPTOT
Now on.. WRF3GFS_g5   PCPTOT
Now on.. WRF3NAVGEM_g2   PCPTOT
Now on.. WRF3NAVGEM_g3   PCPTOT
Now on.. WRF3NAVGEM_g4   PCPTOT
Now on.. WRF3GFSgc01_g2   PCPTOT
Now on.. WRF3GFSgc01_g3   PCPTOT
Now on.. WRF3ARPEGE_g2   PCPTOT
Now on.. WRF3ARPEGE_g3   PCPTOT
Now on.. WRF4ICON_g2   PCPTOT
Now on.. WRF4ICON_g3   PCPTOT
Now on.. WRF4NAM_g2   PCPTOT
Now on.. WRF4NAM_g3   PCPTOT
Now on.. WRF4NAM_g4   PCPTOT
Now on.. NMM3NAM_g2   PCPTOT
Now on.. NMM3NAM_g3   PCPTOT
Now on.. NMM3NAM_g4   PCPTOT
Now on.. NMM3GFS_g2   PCPTOT
Now on.. NMM3GFS_g3   PCPTOT
Now on.. WRF2NAM_g1   PCPTOT
Now on.. WRF2NAM_g2   PCPTOT
Now on.. WRF2NAM_g3   PCPTOT
Now on.. WRF2NAM81_g1   PCPTOT
Now on.. WRF2NAM81_g2   PCPTOT
Now on.. WRF2NAM81_g3   PCPTOT
Now on.. WRF2GFS_g1   PCPTOT
Now on.. WRF2GFS_g2   PCPTOT
Now on.. WRF2GFS_g3   PCPTOT
Now on.. WRF2GFS81_g1   PCPTOT
Now on.. WRF2GFS81_g2   PCPTOT
Now on.. WRF2GFS81_g3   PCPTOT
Now on.. WRF4RDPS_g3   PCPTOT
Now on.. WRF4RDPS_g4   PCPTOT
Now on.. WRF4RDPS_g5   PCPTOT
Now on.. MPAS25_g1   PCPTOT
Now on.. MPAS25_g2   PCPTOT
Now on.. ENS   PCPTOT
Now on.. ENS_lr   PCPTOT
Now on.. ENS_hr   PCPTOT
Now on.. ENS_LR   PCPTOT
PCPTOT
[0.408, 0.421, 0.433, 0.433, 0.446, 0.0, 0.0, 0.408, 0.433, 0.458, 0.412, 0.421, 0.442, 0.417, 0.442, 0.475, 0.0, 0.408, 0.45, 0.45, 0.408, 0.442, 0.412, 0.458, 0.429, 0.421, 0.396, 0.4, 0.392, 0.417, 0.471, 0.467, 0.396, 0.446, 0.408, 0.408, 0.454, 0.408, 0.425, 0.462, 0.404, 0.408, 0.45, 0.4, 0.396, 0.446, 0.429, 0.446, 0.0, 0.396, 0.4, 0.4, 0.4, 0.408, 0.396]
['MM5NAM36^', 'MM5NAM12^', 'MM5NAM4^', 'MM5GFS36^', 'MM5GFS12^', 'MM5GFS4^', 'MM5GFS1.3^', 'WRF3GEM36^', 'WRF3GEM12^', 'WRF3GEM4^', 'WRF3NAM36^', 'WRF3NAM12^', 'WRF3NAM4^', 'WRF3GFS36^', 'WRF3GFS12^', 'WRF3GFS4^', 'WRF3GFS1.3^', 'WRF3NAVGEM36^', 'WRF3NAVGEM12^', 'WRF3NAVGEM4^', 'WRF3GFSgc27^', 'WRF3GFSgc9^', 'WRF3ARPEGE27^', 'WRF3ARPEGE9^', 'WRF4ICON27^', 'WRF4ICON9^', 'WRF4NAM36^', 'WRF4NAM12^', 'WRF4NAM4^', 'NMM3NAM36^', 'NMM3NAM12^', 'NMM3NAM4^', 'NMM3GFS36^', 'NMM3GFS12^', 'WRF2NAM108^', 'WRF2NAM36^', 'WRF2NAM12^', 'WRF2NAM81^', 'WRF2NAM27^', 'WRF2NAM9^', 'WRF2GFS108^', 'WRF2GFS36^', 'WRF2GFS12^', 'WRF2GFS81^', 'WRF2GFS27^', 'WRF2GFS9^', 'WRF4RDPS9^', 'WRF4RDPS3^', 'WRF4RDPS1^', 'MPAS25g1^', 'MPAS25g2^', 'ENS (short range)^', 'ENS (low-res)^', 'ENS (high-res)^', 'ENS (long range)^']
Now on.. MM5_g2   PCPTOT
Now on.. MM5_g3   PCPTOT
Now on.. MM5_g4   PCPTOT
Now on.. MM5G_g2   PCPTOT
Now on.. MM5G_g3   PCPTOT
Now on.. MM5G_g4   PCPTOT
Now on.. MM5G_g5   PCPTOT
Now on.. WRF3GEM_g2   PCPTOT
Now on.. WRF3GEM_g3   PCPTOT
Now on.. WRF3GEM_g4   PCPTOT
Now on.. WRF3NAM_g2   PCPTOT
Now on.. WRF3NAM_g3   PCPTOT
Now on.. WRF3NAM_g4   PCPTOT
Now on.. WRF3GFS_g2   PCPTOT
Now on.. WRF3GFS_g3   PCPTOT
Now on.. WRF3GFS_g4   PCPTOT
Now on.. WRF3GFS_g5   PCPTOT
Now on.. WRF3NAVGEM_g2   PCPTOT
Now on.. WRF3NAVGEM_g3   PCPTOT
Now on.. WRF3NAVGEM_g4   PCPTOT
Now on.. WRF3GFSgc01_g2   PCPTOT
Now on.. WRF3GFSgc01_g3   PCPTOT
Now on.. WRF3ARPEGE_g2   PCPTOT
Now on.. WRF3ARPEGE_g3   PCPTOT
Now on.. WRF4ICON_g2   PCPTOT
Now on.. WRF4ICON_g3   PCPTOT
Now on.. WRF4NAM_g2   PCPTOT
Now on.. WRF4NAM_g3   PCPTOT
Now on.. WRF4NAM_g4   PCPTOT
Now on.. NMM3NAM_g2   PCPTOT
Now on.. NMM3NAM_g3   PCPTOT
Now on.. NMM3NAM_g4   PCPTOT
Now on.. NMM3GFS_g2   PCPTOT
Now on.. NMM3GFS_g3   PCPTOT
Now on.. WRF2NAM_g1   PCPTOT
Now on.. WRF2NAM_g2   PCPTOT
Now on.. WRF2NAM_g3   PCPTOT
Now on.. WRF2NAM81_g1   PCPTOT
Now on.. WRF2NAM81_g2   PCPTOT
Now on.. WRF2NAM81_g3   PCPTOT
Now on.. WRF2GFS_g1   PCPTOT
Now on.. WRF2GFS_g2   PCPTOT
Now on.. WRF2GFS_g3   PCPTOT
Now on.. WRF2GFS81_g1   PCPTOT
Now on.. WRF2GFS81_g2   PCPTOT
Now on.. WRF2GFS81_g3   PCPTOT
Now on.. WRF4RDPS_g3   PCPTOT
Now on.. WRF4RDPS_g4   PCPTOT
Now on.. WRF4RDPS_g5   PCPTOT
Now on.. MPAS25_g1   PCPTOT
Now on.. MPAS25_g2   PCPTOT
Now on.. ENS   PCPTOT
Now on.. ENS_lr   PCPTOT
Now on.. ENS_hr   PCPTOT
Now on.. ENS_LR   PCPTOT
PCPTOT
[1.146, 1.158, 1.187, 1.246, 1.292, 0.0, 0.0, 1.192, 1.233, 1.346, 1.171, 1.187, 1.229, 1.187, 1.237, 1.346, 0.0, 1.204, 1.233, 1.354, 1.192, 1.225, 1.179, 1.212, 1.15, 1.204, 1.137, 1.137, 1.137, 1.196, 1.279, 1.287, 1.179, 1.25, 1.142, 1.192, 1.237, 1.146, 1.187, 1.237, 1.146, 1.192, 1.246, 1.146, 1.192, 1.246, 1.225, 1.246, 0.0, 1.15, 1.158, 1.142, 1.142, 1.183, 1.142]
['MM5NAM36^', 'MM5NAM12^', 'MM5NAM4^', 'MM5GFS36^', 'MM5GFS12^', 'MM5GFS4^', 'MM5GFS1.3^', 'WRF3GEM36^', 'WRF3GEM12^', 'WRF3GEM4^', 'WRF3NAM36^', 'WRF3NAM12^', 'WRF3NAM4^', 'WRF3GFS36^', 'WRF3GFS12^', 'WRF3GFS4^', 'WRF3GFS1.3^', 'WRF3NAVGEM36^', 'WRF3NAVGEM12^', 'WRF3NAVGEM4^', 'WRF3GFSgc27^', 'WRF3GFSgc9^', 'WRF3ARPEGE27^', 'WRF3ARPEGE9^', 'WRF4ICON27^', 'WRF4ICON9^', 'WRF4NAM36^', 'WRF4NAM12^', 'WRF4NAM4^', 'NMM3NAM36^', 'NMM3NAM12^', 'NMM3NAM4^', 'NMM3GFS36^', 'NMM3GFS12^', 'WRF2NAM108^', 'WRF2NAM36^', 'WRF2NAM12^', 'WRF2NAM81^', 'WRF2NAM27^', 'WRF2NAM9^', 'WRF2GFS108^', 'WRF2GFS36^', 'WRF2GFS12^', 'WRF2GFS81^', 'WRF2GFS27^', 'WRF2GFS9^', 'WRF4RDPS9^', 'WRF4RDPS3^', 'WRF4RDPS1^', 'MPAS25g1^', 'MPAS25g2^', 'ENS (short range)^', 'ENS (low-res)^', 'ENS (high-res)^', 'ENS (long range)^']
Now on.. MM5_g2   PCPTOT
Now on.. MM5_g3   PCPTOT
Now on.. MM5_g4   PCPTOT
Now on.. MM5G_g2   PCPTOT
Now on.. MM5G_g3   PCPTOT
Now on.. MM5G_g4   PCPTOT
Now on.. MM5G_g5   PCPTOT
Now on.. WRF3GEM_g2   PCPTOT
Now on.. WRF3GEM_g3   PCPTOT
Now on.. WRF3GEM_g4   PCPTOT
Now on.. WRF3NAM_g2   PCPTOT
Now on.. WRF3NAM_g3   PCPTOT
Now on.. WRF3NAM_g4   PCPTOT
Now on.. WRF3GFS_g2   PCPTOT
Now on.. WRF3GFS_g3   PCPTOT
Now on.. WRF3GFS_g4   PCPTOT
Now on.. WRF3GFS_g5   PCPTOT
Now on.. WRF3NAVGEM_g2   PCPTOT
Now on.. WRF3NAVGEM_g3   PCPTOT
Now on.. WRF3NAVGEM_g4   PCPTOT
Now on.. WRF3GFSgc01_g2   PCPTOT
Now on.. WRF3GFSgc01_g3   PCPTOT
Now on.. WRF3ARPEGE_g2   PCPTOT
Now on.. WRF3ARPEGE_g3   PCPTOT
Now on.. WRF4ICON_g2   PCPTOT
Now on.. WRF4ICON_g3   PCPTOT
Now on.. WRF4NAM_g2   PCPTOT
Now on.. WRF4NAM_g3   PCPTOT
Now on.. WRF4NAM_g4   PCPTOT
Now on.. NMM3NAM_g2   PCPTOT
Now on.. NMM3NAM_g3   PCPTOT
Now on.. NMM3NAM_g4   PCPTOT
Now on.. NMM3GFS_g2   PCPTOT
Now on.. NMM3GFS_g3   PCPTOT
Now on.. WRF2NAM_g1   PCPTOT
Now on.. WRF2NAM_g2   PCPTOT
Now on.. WRF2NAM_g3   PCPTOT
Now on.. WRF2NAM81_g1   PCPTOT
Now on.. WRF2NAM81_g2   PCPTOT
Now on.. WRF2NAM81_g3   PCPTOT
Now on.. WRF2GFS_g1   PCPTOT
Now on.. WRF2GFS_g2   PCPTOT
Now on.. WRF2GFS_g3   PCPTOT
Now on.. WRF2GFS81_g1   PCPTOT
Now on.. WRF2GFS81_g2   PCPTOT
Now on.. WRF2GFS81_g3   PCPTOT
Now on.. WRF4RDPS_g3   PCPTOT
Now on.. WRF4RDPS_g4   PCPTOT
Now on.. WRF4RDPS_g5   PCPTOT
Now on.. MPAS25_g1   PCPTOT
Now on.. MPAS25_g2   PCPTOT
Now on.. ENS   PCPTOT
Now on.. ENS_lr   PCPTOT
Now on.. ENS_hr   PCPTOT
Now on.. ENS_LR   PCPTOT
PCPTOT
[1.617, 1.712, 0.0, 0.0, 1.546, 1.608, 1.75, 1.529, 1.571, 1.55, 1.621, 1.754, 0.0, 1.55, 1.637, 1.754, 1.562, 1.613, 1.517, 1.608, 1.508, 1.608, 1.496, 1.5, 1.55, 1.658, 1.712, 1.558, 1.642, 1.508, 1.562, 1.612, 1.5, 1.558, 1.608, 1.5, 1.55, 1.612, 1.496, 1.554, 1.621, 1.633, 1.654, 1.5, 1.496, 1.504, 1.504, 1.562, 1.504]
['MM5GFS36^', 'MM5GFS12^', 'MM5GFS4^', 'MM5GFS1.3^', 'WRF3GEM36^', 'WRF3GEM12^', 'WRF3GEM4^', 'WRF3NAM36^', 'WRF3NAM12^', 'WRF3GFS36^', 'WRF3GFS12^', 'WRF3GFS4^', 'WRF3GFS1.3^', 'WRF3NAVGEM36^', 'WRF3NAVGEM12^', 'WRF3NAVGEM4^', 'WRF3GFSgc27^', 'WRF3GFSgc9^', 'WRF3ARPEGE27^', 'WRF3ARPEGE9^', 'WRF4ICON27^', 'WRF4ICON9^', 'WRF4NAM36^', 'WRF4NAM12^', 'NMM3NAM36^', 'NMM3NAM12^', 'NMM3NAM4^', 'NMM3GFS36^', 'NMM3GFS12^', 'WRF2NAM108^', 'WRF2NAM36^', 'WRF2NAM12^', 'WRF2NAM81^', 'WRF2NAM27^', 'WRF2NAM9^', 'WRF2GFS108^', 'WRF2GFS36^', 'WRF2GFS12^', 'WRF2GFS81^', 'WRF2GFS27^', 'WRF2GFS9^', 'WRF4RDPS9^', 'WRF4RDPS3^', 'MPAS25g1^', 'MPAS25g2^', 'ENS (short range)^', 'ENS (low-res)^', 'ENS (high-res)^', 'ENS (long range)^']
Now on.. MM5_g2   PCPTOT
Now on.. MM5_g3   PCPTOT
Now on.. MM5_g4   PCPTOT
Now on.. MM5G_g2   PCPTOT
Now on.. MM5G_g3   PCPTOT
Now on.. MM5G_g4   PCPTOT
Now on.. MM5G_g5   PCPTOT
Now on.. WRF3GEM_g2   PCPTOT
Now on.. WRF3GEM_g3   PCPTOT
Now on.. WRF3GEM_g4   PCPTOT
Now on.. WRF3NAM_g2   PCPTOT
Now on.. WRF3NAM_g3   PCPTOT
Now on.. WRF3NAM_g4   PCPTOT
Now on.. WRF3GFS_g2   PCPTOT
Now on.. WRF3GFS_g3   PCPTOT
Now on.. WRF3GFS_g4   PCPTOT
Now on.. WRF3GFS_g5   PCPTOT
Now on.. WRF3NAVGEM_g2   PCPTOT
Now on.. WRF3NAVGEM_g3   PCPTOT
Now on.. WRF3NAVGEM_g4   PCPTOT
Now on.. WRF3GFSgc01_g2   PCPTOT
Now on.. WRF3GFSgc01_g3   PCPTOT
Now on.. WRF3ARPEGE_g2   PCPTOT
Now on.. WRF3ARPEGE_g3   PCPTOT
Now on.. WRF4ICON_g2   PCPTOT
Now on.. WRF4ICON_g3   PCPTOT
Now on.. WRF4NAM_g2   PCPTOT
Now on.. WRF4NAM_g3   PCPTOT
Now on.. WRF4NAM_g4   PCPTOT
Now on.. NMM3NAM_g2   PCPTOT
Now on.. NMM3NAM_g3   PCPTOT
Now on.. NMM3NAM_g4   PCPTOT
Now on.. NMM3GFS_g2   PCPTOT
Now on.. NMM3GFS_g3   PCPTOT
Now on.. WRF2NAM_g1   PCPTOT
Now on.. WRF2NAM_g2   PCPTOT
Now on.. WRF2NAM_g3   PCPTOT
Now on.. WRF2NAM81_g1   PCPTOT
Now on.. WRF2NAM81_g2   PCPTOT
Now on.. WRF2NAM81_g3   PCPTOT
Now on.. WRF2GFS_g1   PCPTOT
Now on.. WRF2GFS_g2   PCPTOT
Now on.. WRF2GFS_g3   PCPTOT
Now on.. WRF2GFS81_g1   PCPTOT
Now on.. WRF2GFS81_g2   PCPTOT
Now on.. WRF2GFS81_g3   PCPTOT
Now on.. WRF4RDPS_g3   PCPTOT
Now on.. WRF4RDPS_g4   PCPTOT
Now on.. WRF4RDPS_g5   PCPTOT
Now on.. MPAS25_g1   PCPTOT
Now on.. MPAS25_g2   PCPTOT
Now on.. ENS   PCPTOT
Now on.. ENS_lr   PCPTOT
Now on.. ENS_hr   PCPTOT
Now on.. ENS_LR   PCPTOT
PCPTOT
[0.821, 0.837, 0.812, 0.842, 0.8, 0.854, 0.812, 0.846, 0.804, 0.829, 0.75, 0.8, 0.787, 0.833, 0.733, 0.762, 0.808, 0.75, 0.779, 0.812, 0.8, 0.8, 0.796, 0.8, 0.796]
['WRF3GEM36^', 'WRF3GEM12^', 'WRF3GFS36^', 'WRF3GFS12^', 'WRF3NAVGEM36^', 'WRF3NAVGEM12^', 'WRF3GFSgc27^', 'WRF3GFSgc9^', 'WRF3ARPEGE27^', 'WRF3ARPEGE9^', 'WRF4ICON27^', 'WRF4ICON9^', 'NMM3GFS36^', 'NMM3GFS12^', 'WRF2GFS108^', 'WRF2GFS36^', 'WRF2GFS12^', 'WRF2GFS81^', 'WRF2GFS27^', 'WRF2GFS9^', 'MPAS25g1^', 'MPAS25g2^', 'ENS (short range)^', 'ENS (low-res)^', 'ENS (long range)^']
Now on.. MM5_g2   PCPTOT
Now on.. MM5_g3   PCPTOT
Now on.. MM5_g4   PCPTOT
Now on.. MM5G_g2   PCPTOT
Now on.. MM5G_g3   PCPTOT
Now on.. MM5G_g4   PCPTOT
Now on.. MM5G_g5   PCPTOT
Now on.. WRF3GEM_g2   PCPTOT
Now on.. WRF3GEM_g3   PCPTOT
Now on.. WRF3GEM_g4   PCPTOT
Now on.. WRF3NAM_g2   PCPTOT
Now on.. WRF3NAM_g3   PCPTOT
Now on.. WRF3NAM_g4   PCPTOT
Now on.. WRF3GFS_g2   PCPTOT
Now on.. WRF3GFS_g3   PCPTOT
Now on.. WRF3GFS_g4   PCPTOT
Now on.. WRF3GFS_g5   PCPTOT
Now on.. WRF3NAVGEM_g2   PCPTOT
Now on.. WRF3NAVGEM_g3   PCPTOT
Now on.. WRF3NAVGEM_g4   PCPTOT
Now on.. WRF3GFSgc01_g2   PCPTOT
Now on.. WRF3GFSgc01_g3   PCPTOT
Now on.. WRF3ARPEGE_g2   PCPTOT
Now on.. WRF3ARPEGE_g3   PCPTOT
Now on.. WRF4ICON_g2   PCPTOT
Now on.. WRF4ICON_g3   PCPTOT
Now on.. WRF4NAM_g2   PCPTOT
Now on.. WRF4NAM_g3   PCPTOT
Now on.. WRF4NAM_g4   PCPTOT
Now on.. NMM3NAM_g2   PCPTOT
Now on.. NMM3NAM_g3   PCPTOT
Now on.. NMM3NAM_g4   PCPTOT
Now on.. NMM3GFS_g2   PCPTOT
Now on.. NMM3GFS_g3   PCPTOT
Now on.. WRF2NAM_g1   PCPTOT
Now on.. WRF2NAM_g2   PCPTOT
Now on.. WRF2NAM_g3   PCPTOT
Now on.. WRF2NAM81_g1   PCPTOT
Now on.. WRF2NAM81_g2   PCPTOT
Now on.. WRF2NAM81_g3   PCPTOT
Now on.. WRF2GFS_g1   PCPTOT
Now on.. WRF2GFS_g2   PCPTOT
Now on.. WRF2GFS_g3   PCPTOT
Now on.. WRF2GFS81_g1   PCPTOT
Now on.. WRF2GFS81_g2   PCPTOT
Now on.. WRF2GFS81_g3   PCPTOT
Now on.. WRF4RDPS_g3   PCPTOT
Now on.. WRF4RDPS_g4   PCPTOT
Now on.. WRF4RDPS_g5   PCPTOT
Now on.. MPAS25_g1   PCPTOT
Now on.. MPAS25_g2   PCPTOT
Now on.. ENS   PCPTOT
Now on.. ENS_lr   PCPTOT
Now on.. ENS_hr   PCPTOT
Now on.. ENS_LR   PCPTOT
PCPTOT
[1.325, 1.4, 1.354, 1.421, 1.325, 1.4, 1.383, 1.429, 1.325, 1.4, 1.329, 1.462, 1.3, 1.342, 1.408, 1.3, 1.35, 1.421, 1.283, 1.287, 1.313, 1.313, 1.313]
['WRF3GEM36^', 'WRF3GEM12^', 'WRF3GFS36^', 'WRF3GFS12^', 'WRF3NAVGEM36^', 'WRF3NAVGEM12^', 'WRF3GFSgc27^', 'WRF3GFSgc9^', 'WRF4ICON27^', 'WRF4ICON9^', 'NMM3GFS36^', 'NMM3GFS12^', 'WRF2GFS108^', 'WRF2GFS36^', 'WRF2GFS12^', 'WRF2GFS81^', 'WRF2GFS27^', 'WRF2GFS9^', 'MPAS25g1^', 'MPAS25g2^', 'ENS (short range)^', 'ENS (low-res)^', 'ENS (long range)^']
Now on.. MM5_g2   PCPTOT
Now on.. MM5_g3   PCPTOT
Now on.. MM5_g4   PCPTOT
Now on.. MM5G_g2   PCPTOT
Now on.. MM5G_g3   PCPTOT
Now on.. MM5G_g4   PCPTOT
Now on.. MM5G_g5   PCPTOT
Now on.. WRF3GEM_g2   PCPTOT
Now on.. WRF3GEM_g3   PCPTOT
Now on.. WRF3GEM_g4   PCPTOT
Now on.. WRF3NAM_g2   PCPTOT
Now on.. WRF3NAM_g3   PCPTOT
Now on.. WRF3NAM_g4   PCPTOT
Now on.. WRF3GFS_g2   PCPTOT
Now on.. WRF3GFS_g3   PCPTOT
Now on.. WRF3GFS_g4   PCPTOT
Now on.. WRF3GFS_g5   PCPTOT
Now on.. WRF3NAVGEM_g2   PCPTOT
Now on.. WRF3NAVGEM_g3   PCPTOT
Now on.. WRF3NAVGEM_g4   PCPTOT
Now on.. WRF3GFSgc01_g2   PCPTOT
Now on.. WRF3GFSgc01_g3   PCPTOT
Now on.. WRF3ARPEGE_g2   PCPTOT
Now on.. WRF3ARPEGE_g3   PCPTOT
Now on.. WRF4ICON_g2   PCPTOT
Now on.. WRF4ICON_g3   PCPTOT
Now on.. WRF4NAM_g2   PCPTOT
Now on.. WRF4NAM_g3   PCPTOT
Now on.. WRF4NAM_g4   PCPTOT
Now on.. NMM3NAM_g2   PCPTOT
Now on.. NMM3NAM_g3   PCPTOT
Now on.. NMM3NAM_g4   PCPTOT
Now on.. NMM3GFS_g2   PCPTOT
Now on.. NMM3GFS_g3   PCPTOT
Now on.. WRF2NAM_g1   PCPTOT
Now on.. WRF2NAM_g2   PCPTOT
Now on.. WRF2NAM_g3   PCPTOT
Now on.. WRF2NAM81_g1   PCPTOT
Now on.. WRF2NAM81_g2   PCPTOT
Now on.. WRF2NAM81_g3   PCPTOT
Now on.. WRF2GFS_g1   PCPTOT
Now on.. WRF2GFS_g2   PCPTOT
Now on.. WRF2GFS_g3   PCPTOT
Now on.. WRF2GFS81_g1   PCPTOT
Now on.. WRF2GFS81_g2   PCPTOT
Now on.. WRF2GFS81_g3   PCPTOT
Now on.. WRF4RDPS_g3   PCPTOT
Now on.. WRF4RDPS_g4   PCPTOT
Now on.. WRF4RDPS_g5   PCPTOT
Now on.. MPAS25_g1   PCPTOT
Now on.. MPAS25_g2   PCPTOT
Now on.. ENS   PCPTOT
Now on.. ENS_lr   PCPTOT
Now on.. ENS_hr   PCPTOT
Now on.. ENS_LR   PCPTOT
PCPTOT
[0.596, 0.625, 0.6, 0.638, 0.612, 0.65, 0.571, 0.608, 0.621, 0.642, 0.592, 0.617, 0.637, 0.6, 0.612, 0.642, 0.596, 0.596, 0.596]
['WRF3GEM36^', 'WRF3GEM12^', 'WRF3GFS36^', 'WRF3GFS12^', 'WRF3GFSgc27^', 'WRF3GFSgc9^', 'WRF4ICON27^', 'WRF4ICON9^', 'NMM3GFS36^', 'NMM3GFS12^', 'WRF2GFS108^', 'WRF2GFS36^', 'WRF2GFS12^', 'WRF2GFS81^', 'WRF2GFS27^', 'WRF2GFS9^', 'ENS (short range)^', 'ENS (low-res)^', 'ENS (long range)^']
Now on.. MM5_g2   PCPTOT
Now on.. MM5_g3   PCPTOT
Now on.. MM5_g4   PCPTOT
Now on.. MM5G_g2   PCPTOT
Now on.. MM5G_g3   PCPTOT
Now on.. MM5G_g4   PCPTOT
Now on.. MM5G_g5   PCPTOT
Now on.. WRF3GEM_g2   PCPTOT
Now on.. WRF3GEM_g3   PCPTOT
Now on.. WRF3GEM_g4   PCPTOT
Now on.. WRF3NAM_g2   PCPTOT
Now on.. WRF3NAM_g3   PCPTOT
Now on.. WRF3NAM_g4   PCPTOT
Now on.. WRF3GFS_g2   PCPTOT
Now on.. WRF3GFS_g3   PCPTOT
Now on.. WRF3GFS_g4   PCPTOT
Now on.. WRF3GFS_g5   PCPTOT
Now on.. WRF3NAVGEM_g2   PCPTOT
Now on.. WRF3NAVGEM_g3   PCPTOT
Now on.. WRF3NAVGEM_g4   PCPTOT
Now on.. WRF3GFSgc01_g2   PCPTOT
Now on.. WRF3GFSgc01_g3   PCPTOT
Now on.. WRF3ARPEGE_g2   PCPTOT
Now on.. WRF3ARPEGE_g3   PCPTOT
Now on.. WRF4ICON_g2   PCPTOT
Now on.. WRF4ICON_g3   PCPTOT
Now on.. WRF4NAM_g2   PCPTOT
Now on.. WRF4NAM_g3   PCPTOT
Now on.. WRF4NAM_g4   PCPTOT
Now on.. NMM3NAM_g2   PCPTOT
Now on.. NMM3NAM_g3   PCPTOT
Now on.. NMM3NAM_g4   PCPTOT
Now on.. NMM3GFS_g2   PCPTOT
Now on.. NMM3GFS_g3   PCPTOT
Now on.. WRF2NAM_g1   PCPTOT
Now on.. WRF2NAM_g2   PCPTOT
Now on.. WRF2NAM_g3   PCPTOT
Now on.. WRF2NAM81_g1   PCPTOT
Now on.. WRF2NAM81_g2   PCPTOT
Now on.. WRF2NAM81_g3   PCPTOT
Now on.. WRF2GFS_g1   PCPTOT
Now on.. WRF2GFS_g2   PCPTOT
Now on.. WRF2GFS_g3   PCPTOT
Now on.. WRF2GFS81_g1   PCPTOT
Now on.. WRF2GFS81_g2   PCPTOT
Now on.. WRF2GFS81_g3   PCPTOT
Now on.. WRF4RDPS_g3   PCPTOT
Now on.. WRF4RDPS_g4   PCPTOT
Now on.. WRF4RDPS_g5   PCPTOT
Now on.. MPAS25_g1   PCPTOT
Now on.. MPAS25_g2   PCPTOT
Now on.. ENS   PCPTOT
Now on.. ENS_lr   PCPTOT
Now on.. ENS_hr   PCPTOT
Now on.. ENS_LR   PCPTOT
PCPTOT
[0.388, 0.417, 0.4, 0.412, 0.396, 0.404, 0.379, 0.404, 0.375, 0.433, 0.4, 0.408, 0.417, 0.425, 0.413, 0.429, 0.396, 0.396, 0.396]
['WRF3GEM36^', 'WRF3GEM12^', 'WRF3GFS36^', 'WRF3GFS12^', 'WRF3GFSgc27^', 'WRF3GFSgc9^', 'WRF4ICON27^', 'WRF4ICON9^', 'NMM3GFS36^', 'NMM3GFS12^', 'WRF2GFS108^', 'WRF2GFS36^', 'WRF2GFS12^', 'WRF2GFS81^', 'WRF2GFS27^', 'WRF2GFS9^', 'ENS (short range)^', 'ENS (low-res)^', 'ENS (long range)^']
Now on.. MM5_g2   SFCWSPD_KF
Now on.. MM5_g3   SFCWSPD_KF
Now on.. MM5_g4   SFCWSPD_KF
Now on.. MM5G_g2   SFCWSPD_KF
Now on.. MM5G_g3   SFCWSPD_KF
Now on.. MM5G_g4   SFCWSPD_KF
Now on.. MM5G_g5   SFCWSPD_KF
Now on.. WRF3GEM_g2   SFCWSPD_KF
Now on.. WRF3GEM_g3   SFCWSPD_KF
Now on.. WRF3GEM_g4   SFCWSPD_KF
Now on.. WRF3NAM_g2   SFCWSPD_KF
Now on.. WRF3NAM_g3   SFCWSPD_KF
Now on.. WRF3NAM_g4   SFCWSPD_KF
Now on.. WRF3GFS_g2   SFCWSPD_KF
Now on.. WRF3GFS_g3   SFCWSPD_KF
Now on.. WRF3GFS_g4   SFCWSPD_KF
Now on.. WRF3GFS_g5   SFCWSPD_KF
Now on.. WRF3NAVGEM_g2   SFCWSPD_KF
Now on.. WRF3NAVGEM_g3   SFCWSPD_KF
Now on.. WRF3NAVGEM_g4   SFCWSPD_KF
Now on.. WRF3GFSgc01_g2   SFCWSPD_KF
Now on.. WRF3GFSgc01_g3   SFCWSPD_KF
Now on.. WRF3ARPEGE_g2   SFCWSPD_KF
Now on.. WRF3ARPEGE_g3   SFCWSPD_KF
Now on.. WRF4ICON_g2   SFCWSPD_KF
Now on.. WRF4ICON_g3   SFCWSPD_KF
Now on.. WRF4NAM_g2   SFCWSPD_KF
Now on.. WRF4NAM_g3   SFCWSPD_KF
Now on.. WRF4NAM_g4   SFCWSPD_KF
Now on.. NMM3NAM_g2   SFCWSPD_KF
Now on.. NMM3NAM_g3   SFCWSPD_KF
Now on.. NMM3NAM_g4   SFCWSPD_KF
Now on.. NMM3GFS_g2   SFCWSPD_KF
Now on.. NMM3GFS_g3   SFCWSPD_KF
Now on.. WRF2NAM_g1   SFCWSPD_KF
Now on.. WRF2NAM_g2   SFCWSPD_KF
Now on.. WRF2NAM_g3   SFCWSPD_KF
Now on.. WRF2NAM81_g1   SFCWSPD_KF
Now on.. WRF2NAM81_g2   SFCWSPD_KF
Now on.. WRF2NAM81_g3   SFCWSPD_KF
Now on.. WRF2GFS_g1   SFCWSPD_KF
Now on.. WRF2GFS_g2   SFCWSPD_KF
Now on.. WRF2GFS_g3   SFCWSPD_KF
Now on.. WRF2GFS81_g1   SFCWSPD_KF
Now on.. WRF2GFS81_g2   SFCWSPD_KF
Now on.. WRF2GFS81_g3   SFCWSPD_KF
Now on.. WRF4RDPS_g3   SFCWSPD_KF
Now on.. WRF4RDPS_g4   SFCWSPD_KF
Now on.. WRF4RDPS_g5   SFCWSPD_KF
Now on.. MPAS25_g1   SFCWSPD_KF
Now on.. MPAS25_g2   SFCWSPD_KF
Now on.. ENS   SFCWSPD_KF
Now on.. ENS_lr   SFCWSPD_KF
Now on.. ENS_hr   SFCWSPD_KF
Now on.. ENS_LR   SFCWSPD_KF
SFCWSPD_KF
[1.935, 1.793, 1.67, 1.877, 2.718, 3.245]
['MM5NAM36^', 'MM5NAM12^', 'MM5NAM4^', 'MM5GFS36^', 'MM5GFS12^', 'MM5GFS4^']
Now on.. MM5_g2   SFCWSPD_KF
Now on.. MM5_g3   SFCWSPD_KF
Now on.. MM5_g4   SFCWSPD_KF
Now on.. MM5G_g2   SFCWSPD_KF
Now on.. MM5G_g3   SFCWSPD_KF
Now on.. MM5G_g4   SFCWSPD_KF
Now on.. MM5G_g5   SFCWSPD_KF
Now on.. WRF3GEM_g2   SFCWSPD_KF
Now on.. WRF3GEM_g3   SFCWSPD_KF
Now on.. WRF3GEM_g4   SFCWSPD_KF
Now on.. WRF3NAM_g2   SFCWSPD_KF
Now on.. WRF3NAM_g3   SFCWSPD_KF
Now on.. WRF3NAM_g4   SFCWSPD_KF
Now on.. WRF3GFS_g2   SFCWSPD_KF
Now on.. WRF3GFS_g3   SFCWSPD_KF
Now on.. WRF3GFS_g4   SFCWSPD_KF
Now on.. WRF3GFS_g5   SFCWSPD_KF
Now on.. WRF3NAVGEM_g2   SFCWSPD_KF
Now on.. WRF3NAVGEM_g3   SFCWSPD_KF
Now on.. WRF3NAVGEM_g4   SFCWSPD_KF
Now on.. WRF3GFSgc01_g2   SFCWSPD_KF
Now on.. WRF3GFSgc01_g3   SFCWSPD_KF
Now on.. WRF3ARPEGE_g2   SFCWSPD_KF
Now on.. WRF3ARPEGE_g3   SFCWSPD_KF
Now on.. WRF4ICON_g2   SFCWSPD_KF
Now on.. WRF4ICON_g3   SFCWSPD_KF
Now on.. WRF4NAM_g2   SFCWSPD_KF
Now on.. WRF4NAM_g3   SFCWSPD_KF
Now on.. WRF4NAM_g4   SFCWSPD_KF
Now on.. NMM3NAM_g2   SFCWSPD_KF
Now on.. NMM3NAM_g3   SFCWSPD_KF
Now on.. NMM3NAM_g4   SFCWSPD_KF
Now on.. NMM3GFS_g2   SFCWSPD_KF
Now on.. NMM3GFS_g3   SFCWSPD_KF
Now on.. WRF2NAM_g1   SFCWSPD_KF
Now on.. WRF2NAM_g2   SFCWSPD_KF
Now on.. WRF2NAM_g3   SFCWSPD_KF
Now on.. WRF2NAM81_g1   SFCWSPD_KF
Now on.. WRF2NAM81_g2   SFCWSPD_KF
Now on.. WRF2NAM81_g3   SFCWSPD_KF
Now on.. WRF2GFS_g1   SFCWSPD_KF
Now on.. WRF2GFS_g2   SFCWSPD_KF
Now on.. WRF2GFS_g3   SFCWSPD_KF
Now on.. WRF2GFS81_g1   SFCWSPD_KF
Now on.. WRF2GFS81_g2   SFCWSPD_KF
Now on.. WRF2GFS81_g3   SFCWSPD_KF
Now on.. WRF4RDPS_g3   SFCWSPD_KF
Now on.. WRF4RDPS_g4   SFCWSPD_KF
Now on.. WRF4RDPS_g5   SFCWSPD_KF
Now on.. MPAS25_g1   SFCWSPD_KF
Now on.. MPAS25_g2   SFCWSPD_KF
Now on.. ENS   SFCWSPD_KF
Now on.. ENS_lr   SFCWSPD_KF
Now on.. ENS_hr   SFCWSPD_KF
Now on.. ENS_LR   SFCWSPD_KF
SFCWSPD_KF
[1.94, 2.954, 3.511]
['MM5GFS36^', 'MM5GFS12^', 'MM5GFS4^']
Now on.. MM5_g2   SFCWSPD_KF
Now on.. MM5_g3   SFCWSPD_KF
Now on.. MM5_g4   SFCWSPD_KF
Now on.. MM5G_g2   SFCWSPD_KF
Now on.. MM5G_g3   SFCWSPD_KF
Now on.. MM5G_g4   SFCWSPD_KF
Now on.. MM5G_g5   SFCWSPD_KF
Now on.. WRF3GEM_g2   SFCWSPD_KF
Now on.. WRF3GEM_g3   SFCWSPD_KF
Now on.. WRF3GEM_g4   SFCWSPD_KF
Now on.. WRF3NAM_g2   SFCWSPD_KF
Now on.. WRF3NAM_g3   SFCWSPD_KF
Now on.. WRF3NAM_g4   SFCWSPD_KF
Now on.. WRF3GFS_g2   SFCWSPD_KF
Now on.. WRF3GFS_g3   SFCWSPD_KF
Now on.. WRF3GFS_g4   SFCWSPD_KF
Now on.. WRF3GFS_g5   SFCWSPD_KF
Now on.. WRF3NAVGEM_g2   SFCWSPD_KF
Now on.. WRF3NAVGEM_g3   SFCWSPD_KF
Now on.. WRF3NAVGEM_g4   SFCWSPD_KF
Now on.. WRF3GFSgc01_g2   SFCWSPD_KF
Now on.. WRF3GFSgc01_g3   SFCWSPD_KF
Now on.. WRF3ARPEGE_g2   SFCWSPD_KF
Now on.. WRF3ARPEGE_g3   SFCWSPD_KF
Now on.. WRF4ICON_g2   SFCWSPD_KF
Now on.. WRF4ICON_g3   SFCWSPD_KF
Now on.. WRF4NAM_g2   SFCWSPD_KF
Now on.. WRF4NAM_g3   SFCWSPD_KF
Now on.. WRF4NAM_g4   SFCWSPD_KF
Now on.. NMM3NAM_g2   SFCWSPD_KF
Now on.. NMM3NAM_g3   SFCWSPD_KF
Now on.. NMM3NAM_g4   SFCWSPD_KF
Now on.. NMM3GFS_g2   SFCWSPD_KF
Now on.. NMM3GFS_g3   SFCWSPD_KF
Now on.. WRF2NAM_g1   SFCWSPD_KF
Now on.. WRF2NAM_g2   SFCWSPD_KF
Now on.. WRF2NAM_g3   SFCWSPD_KF
Now on.. WRF2NAM81_g1   SFCWSPD_KF
Now on.. WRF2NAM81_g2   SFCWSPD_KF
Now on.. WRF2NAM81_g3   SFCWSPD_KF
Now on.. WRF2GFS_g1   SFCWSPD_KF
Now on.. WRF2GFS_g2   SFCWSPD_KF
Now on.. WRF2GFS_g3   SFCWSPD_KF
Now on.. WRF2GFS81_g1   SFCWSPD_KF
Now on.. WRF2GFS81_g2   SFCWSPD_KF
Now on.. WRF2GFS81_g3   SFCWSPD_KF
Now on.. WRF4RDPS_g3   SFCWSPD_KF
Now on.. WRF4RDPS_g4   SFCWSPD_KF
Now on.. WRF4RDPS_g5   SFCWSPD_KF
Now on.. MPAS25_g1   SFCWSPD_KF
Now on.. MPAS25_g2   SFCWSPD_KF
Now on.. ENS   SFCWSPD_KF
Now on.. ENS_lr   SFCWSPD_KF
Now on.. ENS_hr   SFCWSPD_KF
Now on.. ENS_LR   SFCWSPD_KF
SFCWSPD_KF
[]
[]
