Performing WEEKLY calculation for 220415 to 220421
Reading observational dataframe for PCPTOT.. 
    Now on station 3320
    Now on station 679
    Now on station 414
    Now on station 3544
    Now on station 624
    Now on station 3582
    Now on station 3546
    Now on station 2899
    Now on station 3316
    Now on station 658
    Now on station 675
    Now on station 431
    Now on station 397
    Now on station 400
    Now on station 648
    Now on station 3547
    Now on station 2900
    Now on station 640
    Now on station 413
    Now on station 395
    Now on station 3549
    Now on station 3584
    Now on station 3543
    Now on station 424
    Now on station 442
    Now on station 415
    Now on station 416
    Now on station 3570
    Now on station 631
    Now on station 444
    Now on station 3548
    Now on station 680
    Now on station 426
    Now on station 587
    Now on station 3583
    Now on station 636
    Now on station 3545
    Now on station 3591
    Now on station 3599
    Now on station 412
    Now on station 445
    Now on station 446
    Now on station 2631
    Now on station 447
    Now on station 645
    Now on station 2629
    Now on station 683
    Now on station 3550
    Now on station 3551
    Now on station 496
    Now on station 417
    Now on station 3552
    Now on station 410
    Now on station 2630
    Now on station 497
    Now on station 639
    Now on station 629
    Now on station 3562
    Now on station 409
    Now on station 589
    Now on station 498
    Now on station 3341
    Now on station 3581
    Now on station 591
    Now on station 3553
    Now on station 651
    Now on station 3522
    Now on station 437
    Now on station 632
    Now on station 407
    Now on station 634
    Now on station 567
    Now on station 3554
    Now on station 3575
    Now on station 611
    Now on station 3577
    Now on station 406
    Now on station 635
    Now on station 3579
    Now on station 502
    Now on station 401
    Now on station 3555
    Now on station 643
    Now on station 642
    Now on station 3558
    Now on station 396
    Now on station 439
    Now on station 3566
    Now on station 678
    Now on station 3317
    Now on station 615
    Now on station 625
    Now on station 513
    Now on station 641
    Now on station 654
    Now on station 649
    Now on station 3557
    Now on station 3559
    Now on station 3571
    Now on station 602
    Now on station 3563
    Now on station 592
    Now on station 646
    Now on station 647
    Now on station 3560
    Now on station 3564
    Now on station 595
    Now on station 3565
    Now on station 596
    Now on station 399
    Now on station 652
    Now on station 656
    Now on station 3574
    Now on station 609
    Now on station 622
    Now on station 3568
    Now on station 2632
    Now on station 3561
    Now on station 657
    Now on station 3573
    Now on station 605
    Now on station 653
    Now on station 627
    Now on station 655
    Now on station 419
    Now on station 420
    Now on station 460
    Now on station 670
    Now on station 398
    Now on station 684
    Now on station 2738
    Now on station 4014
    Now on station 3510
    Now on station 428
    Now on station 628
    Now on station 411
    Now on station 3569
    Now on station 633
    Now on station 638
    Now on station 676
    Now on station 421
    Now on station 685
    Now on station 3580
    Now on station 673
    Now on station 3572
    Now on station 674
    Now on station 463
    Now on station 519
    Now on station 677
    Now on station 440
    Now on station 688
    Now on station 705
    Now on station 701
    Now on station 703
    Now on station 698
    Now on station 699
    Now on station 700
    Now on station 706
    Now on station 702
    Now on station 704
Now on.. MM5_g2 for PCPTOT
   Skipping station 0431 (No obs data)
   Skipping station 0680 (No obs data)
   Skipping station 2630 (No obs data)
   Skipping station 0629 (No obs data)
Now on.. MM5_g3 for PCPTOT
   Skipping station 0431 (No obs data)
   Skipping station 0680 (No obs data)
   Skipping station 2630 (No obs data)
   Skipping station 0629 (No obs data)
Now on.. MM5_g4 for PCPTOT
   Skipping station 0431 (No obs data)
   Skipping station 0680 (No obs data)
   Skipping station 2630 (No obs data)
   Skipping station 0629 (No obs data)
Now on.. MM5G_g2 for PCPTOT
   Skipping station 0431 (No obs data)
   Skipping station 0680 (No obs data)
   Skipping station 2630 (No obs data)
   Skipping station 0629 (No obs data)
Now on.. MM5G_g3 for PCPTOT
   Skipping station 0431 (No obs data)
   Skipping station 0680 (No obs data)
   Skipping station 2630 (No obs data)
   Skipping station 0629 (No obs data)
Now on.. MM5G_g4 for PCPTOT
   Skipping station 0431 (No obs data)
Now on.. MM5G_g5 for PCPTOT
   Skipping station 0431 (No obs data)
Now on.. WRF3GEM_g2 for PCPTOT
   Skipping station 0431 (No obs data)
   Skipping station 0680 (No obs data)
   Skipping station 2630 (No obs data)
   Skipping station 0629 (No obs data)
Now on.. WRF3GEM_g3 for PCPTOT
   Skipping station 0431 (No obs data)
   Skipping station 0680 (No obs data)
   Skipping station 2630 (No obs data)
   Skipping station 0629 (No obs data)
Now on.. WRF3GEM_g4 for PCPTOT
   Skipping station 0431 (No obs data)
   Skipping station 0680 (No obs data)
Now on.. WRF3NAM_g2 for PCPTOT
   Skipping station 0431 (No obs data)
   Skipping station 0680 (No obs data)
   Skipping station 2630 (No obs data)
   Skipping station 0629 (No obs data)
Now on.. WRF3NAM_g3 for PCPTOT
   Skipping station 0431 (No obs data)
   Skipping station 0680 (No obs data)
   Skipping station 2630 (No obs data)
   Skipping station 0629 (No obs data)
Now on.. WRF3NAM_g4 for PCPTOT
   Skipping station 0431 (No obs data)
   Skipping station 0680 (No obs data)
   Skipping station 2630 (No obs data)
   Skipping station 0629 (No obs data)
Now on.. WRF3GFS_g2 for PCPTOT
   Skipping station 0431 (No obs data)
   Skipping station 0680 (No obs data)
   Skipping station 2630 (No obs data)
   Skipping station 0629 (No obs data)
Now on.. WRF3GFS_g3 for PCPTOT
   Skipping station 0431 (No obs data)
   Skipping station 0680 (No obs data)
   Skipping station 2630 (No obs data)
   Skipping station 0629 (No obs data)
Now on.. WRF3GFS_g4 for PCPTOT
   Skipping station 0431 (No obs data)
   Skipping station 0680 (No obs data)
Now on.. WRF3GFS_g5 for PCPTOT
Now on.. WRF3NAVGEM_g2 for PCPTOT
   Skipping station 0431 (No obs data)
   Skipping station 0680 (No obs data)
   Skipping station 2630 (No obs data)
   Skipping station 0629 (No obs data)
Now on.. WRF3NAVGEM_g3 for PCPTOT
   Skipping station 0431 (No obs data)
   Skipping station 0680 (No obs data)
   Skipping station 2630 (No obs data)
   Skipping station 0629 (No obs data)
Now on.. WRF3NAVGEM_g4 for PCPTOT
   Skipping station 0431 (No obs data)
   Skipping station 0680 (No obs data)
Now on.. WRF3GFSgc01_g2 for PCPTOT
   Skipping station 0431 (No obs data)
   Skipping station 0680 (No obs data)
   Skipping station 2630 (No obs data)
   Skipping station 0629 (No obs data)
Now on.. WRF3GFSgc01_g3 for PCPTOT
   Skipping station 0431 (No obs data)
   Skipping station 0680 (No obs data)
   Skipping station 2630 (No obs data)
   Skipping station 0629 (No obs data)
Now on.. WRF3ARPEGE_g2 for PCPTOT
   Skipping station 0431 (No obs data)
   Skipping station 0680 (No obs data)
   Skipping station 2630 (No obs data)
   Skipping station 0629 (No obs data)
Now on.. WRF3ARPEGE_g3 for PCPTOT
   Skipping station 0431 (No obs data)
   Skipping station 0680 (No obs data)
   Skipping station 2630 (No obs data)
   Skipping station 0629 (No obs data)
Now on.. WRF4ICON_g2 for PCPTOT
   Skipping station 0431 (No obs data)
   Skipping station 0680 (No obs data)
   Skipping station 2630 (No obs data)
   Skipping station 0629 (No obs data)
Now on.. WRF4ICON_g3 for PCPTOT
   Skipping station 0431 (No obs data)
   Skipping station 0680 (No obs data)
   Skipping station 2630 (No obs data)
   Skipping station 0629 (No obs data)
Now on.. WRF4NAM_g2 for PCPTOT
   Skipping station 0431 (No obs data)
   Skipping station 0680 (No obs data)
   Skipping station 2630 (No obs data)
   Skipping station 0629 (No obs data)
Now on.. WRF4NAM_g3 for PCPTOT
   Skipping station 0431 (No obs data)
   Skipping station 0680 (No obs data)
   Skipping station 2630 (No obs data)
   Skipping station 0629 (No obs data)
Now on.. WRF4NAM_g4 for PCPTOT
   Skipping station 0431 (No obs data)
   Skipping station 0680 (No obs data)
   Skipping station 2630 (No obs data)
   Skipping station 0629 (No obs data)
Now on.. NMM3NAM_g2 for PCPTOT
   Skipping station 0431 (No obs data)
   Skipping station 0680 (No obs data)
   Skipping station 2630 (No obs data)
   Skipping station 0629 (No obs data)
Now on.. NMM3NAM_g3 for PCPTOT
   Skipping station 0431 (No obs data)
   Skipping station 0680 (No obs data)
   Skipping station 2630 (No obs data)
   Skipping station 0629 (No obs data)
Now on.. NMM3NAM_g4 for PCPTOT
   Skipping station 0431 (No obs data)
   Skipping station 0680 (No obs data)
   Skipping station 2630 (No obs data)
   Skipping station 0629 (No obs data)
Now on.. NMM3GFS_g2 for PCPTOT
   Skipping station 0431 (No obs data)
   Skipping station 0680 (No obs data)
   Skipping station 2630 (No obs data)
   Skipping station 0629 (No obs data)
Now on.. NMM3GFS_g3 for PCPTOT
   Skipping station 0431 (No obs data)
   Skipping station 0680 (No obs data)
   Skipping station 2630 (No obs data)
   Skipping station 0629 (No obs data)
Now on.. WRF2NAM_g1 for PCPTOT
   Skipping station 0431 (No obs data)
   Skipping station 0680 (No obs data)
   Skipping station 2630 (No obs data)
   Skipping station 0629 (No obs data)
Now on.. WRF2NAM_g2 for PCPTOT
   Skipping station 0431 (No obs data)
   Skipping station 0680 (No obs data)
   Skipping station 2630 (No obs data)
   Skipping station 0629 (No obs data)
Now on.. WRF2NAM_g3 for PCPTOT
   Skipping station 0431 (No obs data)
   Skipping station 0680 (No obs data)
   Skipping station 2630 (No obs data)
   Skipping station 0629 (No obs data)
Now on.. WRF2NAM81_g1 for PCPTOT
   Skipping station 0431 (No obs data)
   Skipping station 0680 (No obs data)
   Skipping station 2630 (No obs data)
   Skipping station 0629 (No obs data)
Now on.. WRF2NAM81_g2 for PCPTOT
   Skipping station 0431 (No obs data)
   Skipping station 0680 (No obs data)
   Skipping station 2630 (No obs data)
   Skipping station 0629 (No obs data)
Now on.. WRF2NAM81_g3 for PCPTOT
   Skipping station 0431 (No obs data)
   Skipping station 0680 (No obs data)
   Skipping station 2630 (No obs data)
   Skipping station 0629 (No obs data)
Now on.. WRF2GFS_g1 for PCPTOT
   Skipping station 0431 (No obs data)
   Skipping station 0680 (No obs data)
   Skipping station 2630 (No obs data)
   Skipping station 0629 (No obs data)
Now on.. WRF2GFS_g2 for PCPTOT
   Skipping station 0431 (No obs data)
   Skipping station 0680 (No obs data)
   Skipping station 2630 (No obs data)
   Skipping station 0629 (No obs data)
Now on.. WRF2GFS_g3 for PCPTOT
   Skipping station 0431 (No obs data)
   Skipping station 0680 (No obs data)
   Skipping station 2630 (No obs data)
   Skipping station 0629 (No obs data)
Now on.. WRF2GFS81_g1 for PCPTOT
   Skipping station 0431 (No obs data)
   Skipping station 0680 (No obs data)
   Skipping station 2630 (No obs data)
   Skipping station 0629 (No obs data)
Now on.. WRF2GFS81_g2 for PCPTOT
   Skipping station 0431 (No obs data)
   Skipping station 0680 (No obs data)
   Skipping station 2630 (No obs data)
   Skipping station 0629 (No obs data)
Now on.. WRF2GFS81_g3 for PCPTOT
   Skipping station 0431 (No obs data)
   Skipping station 0680 (No obs data)
   Skipping station 2630 (No obs data)
   Skipping station 0629 (No obs data)
Now on.. WRF4RDPS_g3 for PCPTOT
   Skipping station 0431 (No obs data)
   Skipping station 0680 (No obs data)
   Skipping station 2630 (No obs data)
   Skipping station 0629 (No obs data)
Now on.. WRF4RDPS_g4 for PCPTOT
   Skipping station 0431 (No obs data)
   Skipping station 0680 (No obs data)
   Skipping station 2630 (No obs data)
   Skipping station 0629 (No obs data)
Now on.. WRF4RDPS_g5 for PCPTOT
   Skipping station 0431 (No obs data)
Now on.. MPAS25_g1 for PCPTOT
   Skipping station 0431 (No obs data)
   Skipping station 0680 (No obs data)
   Skipping station 2630 (No obs data)
   Skipping station 0629 (No obs data)
Now on.. MPAS25_g2 for PCPTOT
   Skipping station 0431 (No obs data)
   Skipping station 0680 (No obs data)
   Skipping station 2630 (No obs data)
   Skipping station 0629 (No obs data)
Now on.. ENS for PCPTOT
   Skipping station 0431 (No obs data)
   Skipping station 0680 (No obs data)
   Skipping station 2630 (No obs data)
   Skipping station 0629 (No obs data)
Now on.. ENS_lr for PCPTOT
   Skipping station 0431 (No obs data)
   Skipping station 0680 (No obs data)
   Skipping station 2630 (No obs data)
   Skipping station 0629 (No obs data)
Now on.. ENS_hr for PCPTOT
   Skipping station 0431 (No obs data)
   Skipping station 0680 (No obs data)
   Skipping station 2630 (No obs data)
   Skipping station 0629 (No obs data)
Now on.. ENS_LR for PCPTOT
   Skipping station 0431 (No obs data)
   Skipping station 0680 (No obs data)
   Skipping station 2630 (No obs data)
   Skipping station 0629 (No obs data)
