Now on STATION: 3510
/verification/Observations/SFCTC_KF/3510.sqlite
/verification/Observations/SFCTC/3510.sqlite
Skipping MM5_g2 (No files for SFCTC_KF at station: 3510)
Skipping MM5_g3 (No files for SFCTC_KF at station: 3510)
Skipping MM5_g4 (No files for SFCTC_KF at station: 3510)
Skipping MM5G_g2 (No files for SFCTC_KF at station: 3510)
Skipping MM5G_g3 (No files for SFCTC_KF at station: 3510)
Skipping MM5G_g4 (No files for SFCTC_KF at station: 3510)
Skipping MM5G_g5 (No files for SFCTC_KF at station: 3510)
Skipping WRF3GEM_g2 (No files for SFCTC_KF at station: 3510)
Skipping WRF3GEM_g3 (No files for SFCTC_KF at station: 3510)
Skipping WRF3GEM_g4 (No files for SFCTC_KF at station: 3510)
Skipping WRF3NAM_g2 (No files for SFCTC_KF at station: 3510)
Skipping WRF3NAM_g3 (No files for SFCTC_KF at station: 3510)
Skipping WRF3NAM_g4 (No files for SFCTC_KF at station: 3510)
Skipping WRF3GFS_g2 (No files for SFCTC_KF at station: 3510)
Skipping WRF3GFS_g3 (No files for SFCTC_KF at station: 3510)
Skipping WRF3GFS_g4 (No files for SFCTC_KF at station: 3510)
Skipping WRF3GFS_g5 (No files for SFCTC_KF at station: 3510)
Skipping WRF3NAVGEM_g2 (No files for SFCTC_KF at station: 3510)
Skipping WRF3NAVGEM_g3 (No files for SFCTC_KF at station: 3510)
Skipping WRF3NAVGEM_g4 (No files for SFCTC_KF at station: 3510)
Skipping WRF3GFSgc01_g2 (No files for SFCTC_KF at station: 3510)
Skipping WRF3GFSgc01_g3 (No files for SFCTC_KF at station: 3510)
Skipping WRF3ARPEGE_g2 (No files for SFCTC_KF at station: 3510)
Skipping WRF3ARPEGE_g3 (No files for SFCTC_KF at station: 3510)
Skipping WRF4ICON_g2 (No files for SFCTC_KF at station: 3510)
Skipping WRF4ICON_g3 (No files for SFCTC_KF at station: 3510)
Skipping WRF4NAM_g2 (No files for SFCTC_KF at station: 3510)
Skipping WRF4NAM_g3 (No files for SFCTC_KF at station: 3510)
Skipping WRF4NAM_g4 (No files for SFCTC_KF at station: 3510)
Skipping NMM3NAM_g2 (No files for SFCTC_KF at station: 3510)
Skipping NMM3NAM_g3 (No files for SFCTC_KF at station: 3510)
Skipping NMM3NAM_g4 (No files for SFCTC_KF at station: 3510)
Skipping NMM3GFS_g2 (No files for SFCTC_KF at station: 3510)
Skipping NMM3GFS_g3 (No files for SFCTC_KF at station: 3510)
Skipping WRF2NAM_g1 (No files for SFCTC_KF at station: 3510)
Skipping WRF2NAM_g2 (No files for SFCTC_KF at station: 3510)
Skipping WRF2NAM_g3 (No files for SFCTC_KF at station: 3510)
Skipping WRF2NAM81_g1 (No files for SFCTC_KF at station: 3510)
Skipping WRF2NAM81_g2 (No files for SFCTC_KF at station: 3510)
Skipping WRF2NAM81_g3 (No files for SFCTC_KF at station: 3510)
Skipping WRF2GFS_g1 (No files for SFCTC_KF at station: 3510)
Skipping WRF2GFS_g2 (No files for SFCTC_KF at station: 3510)
Skipping WRF2GFS_g3 (No files for SFCTC_KF at station: 3510)
Skipping WRF2GFS81_g1 (No files for SFCTC_KF at station: 3510)
Skipping WRF2GFS81_g2 (No files for SFCTC_KF at station: 3510)
Skipping WRF2GFS81_g3 (No files for SFCTC_KF at station: 3510)
Skipping WRF4RDPS_g3 (No files for SFCTC_KF at station: 3510)
Skipping WRF4RDPS_g4 (No files for SFCTC_KF at station: 3510)
Skipping WRF4RDPS_g5 (No files for SFCTC_KF at station: 3510)
Skipping MPAS25_g1 (No files for SFCTC_KF at station: 3510)
Skipping MPAS25_g2 (No files for SFCTC_KF at station: 3510)
Skipping ENS (No files for SFCTC_KF at station: 3510)
Skipping ENS_lr (No files for SFCTC_KF at station: 3510)
Skipping ENS_hr (No files for SFCTC_KF at station: 3510)
Skipping ENS_LR (No files for SFCTC_KF at station: 3510)
/verification/Observations/SFCTC/3510.sqlite
/verification/Observations/SFCTC/3510.sqlite
Skipping MM5_g2 (No files for SFCTC at station: 3510)
Skipping MM5_g3 (No files for SFCTC at station: 3510)
Skipping MM5_g4 (No files for SFCTC at station: 3510)
Skipping MM5G_g2 (No files for SFCTC at station: 3510)
Skipping MM5G_g3 (No files for SFCTC at station: 3510)
Skipping MM5G_g4 (No files for SFCTC at station: 3510)
Skipping MM5G_g5 (No files for SFCTC at station: 3510)
Skipping WRF3GEM_g2 (No files for SFCTC at station: 3510)
Skipping WRF3GEM_g3 (No files for SFCTC at station: 3510)
Skipping WRF3GEM_g4 (No files for SFCTC at station: 3510)
Skipping WRF3NAM_g2 (No files for SFCTC at station: 3510)
Skipping WRF3NAM_g3 (No files for SFCTC at station: 3510)
Skipping WRF3NAM_g4 (No files for SFCTC at station: 3510)
Skipping WRF3GFS_g2 (No files for SFCTC at station: 3510)
Skipping WRF3GFS_g3 (No files for SFCTC at station: 3510)
Skipping WRF3GFS_g4 (No files for SFCTC at station: 3510)
Skipping WRF3GFS_g5 (No files for SFCTC at station: 3510)
Skipping WRF3NAVGEM_g2 (No files for SFCTC at station: 3510)
Skipping WRF3NAVGEM_g3 (No files for SFCTC at station: 3510)
Skipping WRF3NAVGEM_g4 (No files for SFCTC at station: 3510)
Skipping WRF3GFSgc01_g2 (No files for SFCTC at station: 3510)
Skipping WRF3GFSgc01_g3 (No files for SFCTC at station: 3510)
Skipping WRF3ARPEGE_g2 (No files for SFCTC at station: 3510)
Skipping WRF3ARPEGE_g3 (No files for SFCTC at station: 3510)
Skipping WRF4ICON_g2 (No files for SFCTC at station: 3510)
Skipping WRF4ICON_g3 (No files for SFCTC at station: 3510)
Skipping WRF4NAM_g2 (No files for SFCTC at station: 3510)
Skipping WRF4NAM_g3 (No files for SFCTC at station: 3510)
Skipping WRF4NAM_g4 (No files for SFCTC at station: 3510)
Skipping NMM3NAM_g2 (No files for SFCTC at station: 3510)
Skipping NMM3NAM_g3 (No files for SFCTC at station: 3510)
Skipping NMM3NAM_g4 (No files for SFCTC at station: 3510)
Skipping NMM3GFS_g2 (No files for SFCTC at station: 3510)
Skipping NMM3GFS_g3 (No files for SFCTC at station: 3510)
Skipping WRF2NAM_g1 (No files for SFCTC at station: 3510)
Skipping WRF2NAM_g2 (No files for SFCTC at station: 3510)
Skipping WRF2NAM_g3 (No files for SFCTC at station: 3510)
Skipping WRF2NAM81_g1 (No files for SFCTC at station: 3510)
Skipping WRF2NAM81_g2 (No files for SFCTC at station: 3510)
Skipping WRF2NAM81_g3 (No files for SFCTC at station: 3510)
Skipping WRF2GFS_g1 (No files for SFCTC at station: 3510)
Skipping WRF2GFS_g2 (No files for SFCTC at station: 3510)
Skipping WRF2GFS_g3 (No files for SFCTC at station: 3510)
Skipping WRF2GFS81_g1 (No files for SFCTC at station: 3510)
Skipping WRF2GFS81_g2 (No files for SFCTC at station: 3510)
Skipping WRF2GFS81_g3 (No files for SFCTC at station: 3510)
Skipping WRF4RDPS_g3 (No files for SFCTC at station: 3510)
Skipping WRF4RDPS_g4 (No files for SFCTC at station: 3510)
Skipping WRF4RDPS_g5 (No files for SFCTC at station: 3510)
Skipping MPAS25_g1 (No files for SFCTC at station: 3510)
Skipping MPAS25_g2 (No files for SFCTC at station: 3510)
Skipping ENS (No files for SFCTC at station: 3510)
Skipping ENS_lr (No files for SFCTC at station: 3510)
Skipping ENS_hr (No files for SFCTC at station: 3510)
Skipping ENS_LR (No files for SFCTC at station: 3510)
/verification/Observations/PCPTOT/3510.sqlite
/verification/Observations/PCPTOT/3510.sqlite
Skipping MM5_g2 (No files for PCPTOT at station: 3510)
Skipping MM5_g3 (No files for PCPTOT at station: 3510)
Skipping MM5_g4 (No files for PCPTOT at station: 3510)
Skipping MM5G_g2 (No files for PCPTOT at station: 3510)
Skipping MM5G_g3 (No files for PCPTOT at station: 3510)
Skipping MM5G_g4 (No files for PCPTOT at station: 3510)
Skipping MM5G_g5 (No files for PCPTOT at station: 3510)
Skipping WRF3GEM_g2 (No files for PCPTOT at station: 3510)
Skipping WRF3GEM_g3 (No files for PCPTOT at station: 3510)
Skipping WRF3GEM_g4 (No files for PCPTOT at station: 3510)
Skipping WRF3NAM_g2 (No files for PCPTOT at station: 3510)
Skipping WRF3NAM_g3 (No files for PCPTOT at station: 3510)
Skipping WRF3NAM_g4 (No files for PCPTOT at station: 3510)
Skipping WRF3GFS_g2 (No files for PCPTOT at station: 3510)
Skipping WRF3GFS_g3 (No files for PCPTOT at station: 3510)
Skipping WRF3GFS_g4 (No files for PCPTOT at station: 3510)
Skipping WRF3GFS_g5 (No files for PCPTOT at station: 3510)
Skipping WRF3NAVGEM_g2 (No files for PCPTOT at station: 3510)
Skipping WRF3NAVGEM_g3 (No files for PCPTOT at station: 3510)
Skipping WRF3NAVGEM_g4 (No files for PCPTOT at station: 3510)
Skipping WRF3GFSgc01_g2 (No files for PCPTOT at station: 3510)
Skipping WRF3GFSgc01_g3 (No files for PCPTOT at station: 3510)
Skipping WRF3ARPEGE_g2 (No files for PCPTOT at station: 3510)
Skipping WRF3ARPEGE_g3 (No files for PCPTOT at station: 3510)
Skipping WRF4ICON_g2 (No files for PCPTOT at station: 3510)
Skipping WRF4ICON_g3 (No files for PCPTOT at station: 3510)
Skipping WRF4NAM_g2 (No files for PCPTOT at station: 3510)
Skipping WRF4NAM_g3 (No files for PCPTOT at station: 3510)
Skipping WRF4NAM_g4 (No files for PCPTOT at station: 3510)
Skipping NMM3NAM_g2 (No files for PCPTOT at station: 3510)
Skipping NMM3NAM_g3 (No files for PCPTOT at station: 3510)
Skipping NMM3NAM_g4 (No files for PCPTOT at station: 3510)
Skipping NMM3GFS_g2 (No files for PCPTOT at station: 3510)
Skipping NMM3GFS_g3 (No files for PCPTOT at station: 3510)
Skipping WRF2NAM_g1 (No files for PCPTOT at station: 3510)
Skipping WRF2NAM_g2 (No files for PCPTOT at station: 3510)
Skipping WRF2NAM_g3 (No files for PCPTOT at station: 3510)
Skipping WRF2NAM81_g1 (No files for PCPTOT at station: 3510)
Skipping WRF2NAM81_g2 (No files for PCPTOT at station: 3510)
Skipping WRF2NAM81_g3 (No files for PCPTOT at station: 3510)
Skipping WRF2GFS_g1 (No files for PCPTOT at station: 3510)
Skipping WRF2GFS_g2 (No files for PCPTOT at station: 3510)
Skipping WRF2GFS_g3 (No files for PCPTOT at station: 3510)
Skipping WRF2GFS81_g1 (No files for PCPTOT at station: 3510)
Skipping WRF2GFS81_g2 (No files for PCPTOT at station: 3510)
Skipping WRF2GFS81_g3 (No files for PCPTOT at station: 3510)
Skipping WRF4RDPS_g3 (No files for PCPTOT at station: 3510)
Skipping WRF4RDPS_g4 (No files for PCPTOT at station: 3510)
Skipping WRF4RDPS_g5 (No files for PCPTOT at station: 3510)
Skipping MPAS25_g1 (No files for PCPTOT at station: 3510)
Skipping MPAS25_g2 (No files for PCPTOT at station: 3510)
Skipping ENS (No files for PCPTOT at station: 3510)
Skipping ENS_lr (No files for PCPTOT at station: 3510)
Skipping ENS_hr (No files for PCPTOT at station: 3510)
Skipping ENS_LR (No files for PCPTOT at station: 3510)
/verification/Observations/APCP/3510.sqlite
/verification/Observations/APCP/3510.sqlite
