Performing WEEKLY calculation for 23052800 to 23060300
Now on.. MM5_g2   SFCTC_KF
59/60
MM5NAM36
59/60
Now on.. MM5_g3   SFCTC_KF
59/60
MM5NAM12
59/60
Now on.. MM5_g4   SFCTC_KF
59/60
MM5NAM4
59/60
Now on.. MM5G_g2   SFCTC_KF
59/60
MM5GFS36
59/60
Now on.. MM5G_g3   SFCTC_KF
59/60
MM5GFS12
59/60
Now on.. MM5G_g4   SFCTC_KF
59/60
MM5GFS4
59/60
Now on.. MM5G_g5   SFCTC_KF
59/60
MM5GFS1.3
59/60
Now on.. WRF3GEM_g2   SFCTC_KF
59/60
WRF3GEM36
59/60
Now on.. WRF3GEM_g3   SFCTC_KF
56/60
WRF3GEM12
56/60
Now on.. WRF3GEM_g4   SFCTC_KF
53/60
WRF3GEM4
53/60
Now on.. WRF3NAM_g2   SFCTC_KF
59/60
WRF3NAM36
59/60
Now on.. WRF3NAM_g3   SFCTC_KF
59/60
WRF3NAM12
59/60
Now on.. WRF3NAM_g4   SFCTC_KF
59/60
WRF3NAM4
59/60
Now on.. WRF3GFS_g2   SFCTC_KF
59/60
WRF3GFS36
59/60
Now on.. WRF3GFS_g3   SFCTC_KF
56/60
WRF3GFS12
56/60
Now on.. WRF3GFS_g4   SFCTC_KF
53/60
WRF3GFS4
53/60
Now on.. WRF3GFS_g5   SFCTC_KF
50/60
WRF3GFS1.3
50/60
Now on.. WRF3NAVGEM_g2   SFCTC_KF
59/60
WRF3NAVGEM36
59/60
Now on.. WRF3NAVGEM_g3   SFCTC_KF
59/60
WRF3NAVGEM12
59/60
Now on.. WRF3NAVGEM_g4   SFCTC_KF
59/60
WRF3NAVGEM4
59/60
Now on.. WRF3GFSgc01_g2   SFCTC_KF
59/60
WRF3GFSgc27
59/60
Now on.. WRF3GFSgc01_g3   SFCTC_KF
56/60
WRF3GFSgc9
56/60
Now on.. WRF3ARPEGE_g2   SFCTC_KF
59/60
WRF3ARPEGE27
59/60
Now on.. WRF3ARPEGE_g3   SFCTC_KF
59/60
WRF3ARPEGE9
59/60
Now on.. WRF4ICON_g2   SFCTC_KF
59/60
WRF4ICON27
59/60
Now on.. WRF4ICON_g3   SFCTC_KF
56/60
WRF4ICON9
56/60
Now on.. WRF4NAM_g2   SFCTC_KF
59/60
WRF4NAM36
59/60
Now on.. WRF4NAM_g3   SFCTC_KF
59/60
WRF4NAM12
59/60
Now on.. WRF4NAM_g4   SFCTC_KF
59/60
WRF4NAM4
59/60
Now on.. NMM3NAM_g2   SFCTC_KF
59/60
NMM3NAM36
59/60
Now on.. NMM3NAM_g3   SFCTC_KF
59/60
NMM3NAM12
59/60
Now on.. NMM3NAM_g4   SFCTC_KF
59/60
NMM3NAM4
59/60
Now on.. NMM3GFS_g2   SFCTC_KF
59/60
NMM3GFS36
59/60
Now on.. NMM3GFS_g3   SFCTC_KF
59/60
NMM3GFS12
59/60
Now on.. WRF2NAM_g1   SFCTC_KF
59/60
WRF2NAM108
59/60
Now on.. WRF2NAM_g2   SFCTC_KF
59/60
WRF2NAM36
59/60
Now on.. WRF2NAM_g3   SFCTC_KF
59/60
WRF2NAM12
59/60
Now on.. WRF2NAM81_g1   SFCTC_KF
59/60
WRF2NAM81
59/60
Now on.. WRF2NAM81_g2   SFCTC_KF
59/60
WRF2NAM27
59/60
Now on.. WRF2NAM81_g3   SFCTC_KF
59/60
WRF2NAM9
59/60
Now on.. WRF2GFS_g1   SFCTC_KF
59/60
WRF2GFS108
59/60
Now on.. WRF2GFS_g2   SFCTC_KF
59/60
WRF2GFS36
59/60
Now on.. WRF2GFS_g3   SFCTC_KF
59/60
WRF2GFS12
59/60
Now on.. WRF2GFS81_g1   SFCTC_KF
59/60
WRF2GFS81
59/60
Now on.. WRF2GFS81_g2   SFCTC_KF
59/60
WRF2GFS27
59/60
Now on.. WRF2GFS81_g3   SFCTC_KF
59/60
WRF2GFS9
59/60
Now on.. WRF4RDPS_g3   SFCTC_KF
59/60
WRF4RDPS9
59/60
Now on.. WRF4RDPS_g4   SFCTC_KF
56/60
WRF4RDPS3
56/60
Now on.. WRF4RDPS_g5   SFCTC_KF
53/60
WRF4RDPS1
53/60
Now on.. MPAS25_g1   SFCTC_KF
59/60
MPAS25g1
59/60
Now on.. MPAS25_g2   SFCTC_KF
59/60
MPAS25g2
59/60
Now on.. ENS   SFCTC_KF
59/60
ENS (short range)
59/60
Now on.. ENS_lr   SFCTC_KF
59/60
ENS (low-res)
59/60
Now on.. ENS_hr   SFCTC_KF
59/60
ENS (high-res)
59/60
Now on.. ENS_LR   SFCTC_KF
59/60
ENS (long range)
59/60
[1.078, 1.081, 1.069, 0.864, 0.968, 0.997, 0.988, 0.495, 0.509, 0.553, 0.447, 0.439, 0.451, 0.419, 0.441, 0.47, 0.412, 0.422, 0.437, 0.434, 2.786, 3.007, 0.868, 0.853, 0.602, 0.568, 4.069, 4.058, 0.512, 0.61, 0.712, 0.678, 0.61, 0.68, 0.625, 0.559, 0.556, 0.7, 0.632, 0.641, 0.693, 0.639, 0.603, 0.814, 0.744, 0.727, 0.622, 0.623, 0.606, 0.676, 0.695, 0.464, 0.493, 0.405, 0.471]
SFCTC_KF
[1.078, 1.081, 1.069, 0.864, 0.968, 0.997, 0.988, 0.495, 0.509, 0.553, 0.447, 0.439, 0.451, 0.419, 0.441, 0.47, 0.412, 0.422, 0.437, 0.434, 2.786, 3.007, 0.868, 0.853, 0.602, 0.568, 4.069, 4.058, 0.512, 0.61, 0.712, 0.678, 0.61, 0.68, 0.625, 0.559, 0.556, 0.7, 0.632, 0.641, 0.693, 0.639, 0.603, 0.814, 0.744, 0.727, 0.622, 0.623, 0.606, 0.676, 0.695, 0.464, 0.493, 0.405, 0.471]
['MM5NAM36*', 'MM5NAM12*', 'MM5NAM4*', 'MM5GFS36*', 'MM5GFS12*', 'MM5GFS4*', 'MM5GFS1.3*', 'WRF3GEM36*', 'WRF3GEM12', 'WRF3GEM4', 'WRF3NAM36*', 'WRF3NAM12*', 'WRF3NAM4*', 'WRF3GFS36*', 'WRF3GFS12', 'WRF3GFS4', 'WRF3GFS1.3', 'WRF3NAVGEM36*', 'WRF3NAVGEM12*', 'WRF3NAVGEM4*', 'WRF3GFSgc27*', 'WRF3GFSgc9', 'WRF3ARPEGE27*', 'WRF3ARPEGE9*', 'WRF4ICON27*', 'WRF4ICON9', 'WRF4NAM36*', 'WRF4NAM12*', 'WRF4NAM4*', 'NMM3NAM36*', 'NMM3NAM12*', 'NMM3NAM4*', 'NMM3GFS36*', 'NMM3GFS12*', 'WRF2NAM108*', 'WRF2NAM36*', 'WRF2NAM12*', 'WRF2NAM81*', 'WRF2NAM27*', 'WRF2NAM9*', 'WRF2GFS108*', 'WRF2GFS36*', 'WRF2GFS12*', 'WRF2GFS81*', 'WRF2GFS27*', 'WRF2GFS9*', 'WRF4RDPS9*', 'WRF4RDPS3*', 'WRF4RDPS1*', 'MPAS25g1*', 'MPAS25g2*', 'ENS (short range)*', 'ENS (low-res)*', 'ENS (high-res)*', 'ENS (long range)*']
Traceback (most recent call last):
  File "leaderboards-plots.py", line 528, in <module>
    main(sys.argv)
  File "leaderboards-plots.py", line 517, in main
    make_leaderboard_sorted(var, variable_names[var_i], variable_units[var_i], time_domain,time_label, MAE,RMSE,corr,modelnames,modelcolors,edited_modelnames,skipped_modelnames,numofstations)
  File "leaderboards-plots.py", line 352, in make_leaderboard_sorted
    plt.savefig(save_folder + 'best_to_worst/' + input_domain + '_' + var + '_' + savetype + '_' + time_domain + '.png',bbox_inches='tight')
  File "/home/verif/.conda/envs/verification/lib/python3.8/site-packages/matplotlib/pyplot.py", line 1023, in savefig
    res = fig.savefig(*args, **kwargs)
  File "/home/verif/.conda/envs/verification/lib/python3.8/site-packages/matplotlib/figure.py", line 3343, in savefig
    self.canvas.print_figure(fname, **kwargs)
  File "/home/verif/.conda/envs/verification/lib/python3.8/site-packages/matplotlib/backend_bases.py", line 2366, in print_figure
    result = print_method(
  File "/home/verif/.conda/envs/verification/lib/python3.8/site-packages/matplotlib/backend_bases.py", line 2232, in <lambda>
    print_method = functools.wraps(meth)(lambda *args, **kwargs: meth(
  File "/home/verif/.conda/envs/verification/lib/python3.8/site-packages/matplotlib/backends/backend_agg.py", line 509, in print_png
    self._print_pil(filename_or_obj, "png", pil_kwargs, metadata)
  File "/home/verif/.conda/envs/verification/lib/python3.8/site-packages/matplotlib/backends/backend_agg.py", line 458, in _print_pil
    mpl.image.imsave(
  File "/home/verif/.conda/envs/verification/lib/python3.8/site-packages/matplotlib/image.py", line 1689, in imsave
    image.save(fname, **pil_kwargs)
  File "/home/verif/.conda/envs/verification/lib/python3.8/site-packages/PIL/Image.py", line 2429, in save
    fp = builtins.open(filename, "w+b")
PermissionError: [Errno 13] Permission denied: '/www/results/verification/images/leaderboards/best_to_worst/small_SFCTC_KF_weekly_60hr.png'
